This file contains any messages produced by compilers while
running configure, to aid debugging if configure makes a mistake.

It was created by alsa-lib configure 1.1.5, which was
generated by GNU Autoconf 2.69.  Invocation command line was

  $ ./configure --host=arm-linux --prefix=/usr/local/share/arm-alsa --enable-shared --disable-python --with-configdir=/usr/local/share/alsa --with-plugindir=/usr/local/lib/alsa_lib CC=arm-linux-gcc CXX=arm-linux-g++ LD=arm-linux-ld

## --------- ##
## Platform. ##
## --------- ##

hostname = shuimuR
uname -m = x86_64
uname -r = 4.10.0-42-generic
uname -s = Linux
uname -v = #46~16.04.1-Ubuntu SMP Mon Dec 4 15:57:59 UTC 2017

/usr/bin/uname -p = unknown
/bin/uname -X     = unknown

/bin/arch              = unknown
/usr/bin/arch -k       = unknown
/usr/convex/getsysinfo = unknown
/usr/bin/hostinfo      = unknown
/bin/machine           = unknown
/usr/bin/oslevel       = unknown
/bin/universe          = unknown

PATH: /usr/local/sbin
PATH: /usr/local/bin
PATH: /usr/sbin
PATH: /usr/bin
PATH: /sbin
PATH: /bin
PATH: /snap/bin
PATH: /opt/arm-linux-gcc-4.3.2/bin


## ----------- ##
## Core tests. ##
## ----------- ##

configure:2470: checking build system type
configure:2484: result: x86_64-unknown-linux-gnu
configure:2504: checking host system type
configure:2517: result: arm-unknown-linux-gnu
configure:2553: checking for a BSD-compatible install
configure:2621: result: /usr/bin/install -c
configure:2632: checking whether build environment is sane
configure:2687: result: yes
configure:2746: checking for arm-linux-strip
configure:2762: found /opt/arm-linux-gcc-4.3.2/bin/arm-linux-strip
configure:2773: result: arm-linux-strip
configure:2838: checking for a thread-safe mkdir -p
configure:2877: result: /bin/mkdir -p
configure:2884: checking for gawk
configure:2914: result: no
configure:2884: checking for mawk
configure:2900: found /usr/bin/mawk
configure:2911: result: mawk
configure:2922: checking whether make sets $(MAKE)
configure:2944: result: yes
configure:3041: checking whether to enable maintainer-specific portions of Makefiles
configure:3050: result: yes
configure:3076: checking whether make supports nested variables
configure:3093: result: yes
configure:3116: checking for arm-linux-gcc
configure:3143: result: arm-linux-gcc
configure:3412: checking for C compiler version
configure:3421: arm-linux-gcc --version >&5
arm-none-linux-gnueabi-gcc (Sourcery G++ Lite 2008q3-72) 4.3.2
Copyright (C) 2008 Free Software Foundation, Inc.
This is free software; see the source for copying conditions.  There is NO
warranty; not even for MERCHANTABILITY or FITNESS FOR A PARTICULAR PURPOSE.

configure:3432: $? = 0
configure:3421: arm-linux-gcc -v >&5
Using built-in specs.
Target: arm-none-linux-gnueabi
Configured with: /scratch/julian/lite-respin/linux/src/gcc-4.3/configure --build=i686-pc-linux-gnu --host=i686-pc-linux-gnu --target=arm-none-linux-gnueabi --enable-threads --disable-libmudflap --disable-libssp --disable-libstdcxx-pch --with-gnu-as --with-gnu-ld --enable-languages=c,c++ --enable-shared --enable-symvers=gnu --enable-__cxa_atexit --with-pkgversion='Sourcery G++ Lite 2008q3-72' --with-bugurl=https://support.codesourcery.com/GNUToolchain/ --disable-nls --prefix=/opt/codesourcery --with-sysroot=/opt/codesourcery/arm-none-linux-gnueabi/libc --with-build-sysroot=/scratch/julian/lite-respin/linux/install/arm-none-linux-gnueabi/libc --with-gmp=/scratch/julian/lite-respin/linux/obj/host-libs-2008q3-72-arm-none-linux-gnueabi-i686-pc-linux-gnu/usr --with-mpfr=/scratch/julian/lite-respin/linux/obj/host-libs-2008q3-72-arm-none-linux-gnueabi-i686-pc-linux-gnu/usr --disable-libgomp --enable-poison-system-directories --with-build-time-tools=/scratch/julian/lite-respin/linux/install/arm-none-linux-gnueabi/bin --with-build-time-tools=/scratch/julian/lite-respin/linux/install/arm-none-linux-gnueabi/bin
Thread model: posix
gcc version 4.3.2 (Sourcery G++ Lite 2008q3-72) 
configure:3432: $? = 0
configure:3421: arm-linux-gcc -V >&5
arm-none-linux-gnueabi-gcc: '-V' must come at the start of the command line
configure:3432: $? = 1
configure:3421: arm-linux-gcc -qversion >&5
arm-none-linux-gnueabi-gcc: unrecognized option '-qversion'
arm-none-linux-gnueabi-gcc: no input files
configure:3432: $? = 1
configure:3452: checking whether the C compiler works
configure:3474: arm-linux-gcc    conftest.c  >&5
configure:3478: $? = 0
configure:3526: result: yes
configure:3529: checking for C compiler default output file name
configure:3531: result: a.out
configure:3537: checking for suffix of executables
configure:3544: arm-linux-gcc -o conftest    conftest.c  >&5
configure:3548: $? = 0
configure:3570: result: 
configure:3592: checking whether we are cross compiling
configure:3600: arm-linux-gcc -o conftest    conftest.c  >&5
configure:3604: $? = 0
configure:3611: ./conftest
./configure: line 3613: ./conftest: cannot execute binary file: Exec format error
configure:3615: $? = 126
configure:3630: result: yes
configure:3635: checking for suffix of object files
configure:3657: arm-linux-gcc -c   conftest.c >&5
configure:3661: $? = 0
configure:3682: result: o
configure:3686: checking whether we are using the GNU C compiler
configure:3705: arm-linux-gcc -c   conftest.c >&5
configure:3705: $? = 0
configure:3714: result: yes
configure:3723: checking whether arm-linux-gcc accepts -g
configure:3743: arm-linux-gcc -c -g  conftest.c >&5
configure:3743: $? = 0
configure:3784: result: yes
configure:3801: checking for arm-linux-gcc option to accept ISO C89
configure:3864: arm-linux-gcc  -c -g -O2  conftest.c >&5
configure:3864: $? = 0
configure:3877: result: none needed
configure:3908: checking for style of include used by make
configure:3936: result: GNU
configure:3962: checking dependency style of arm-linux-gcc
configure:4073: result: gcc3
configure:4093: checking how to run the C preprocessor
configure:4124: arm-linux-gcc -E  conftest.c
configure:4124: $? = 0
configure:4138: arm-linux-gcc -E  conftest.c
conftest.c:11:28: error: ac_nonexistent.h: No such file or directory
configure:4138: $? = 1
configure: failed program was:
| /* confdefs.h */
| #define PACKAGE_NAME "alsa-lib"
| #define PACKAGE_TARNAME "alsa-lib"
| #define PACKAGE_VERSION "1.1.5"
| #define PACKAGE_STRING "alsa-lib 1.1.5"
| #define PACKAGE_BUGREPORT ""
| #define PACKAGE_URL ""
| #define PACKAGE "alsa-lib"
| #define VERSION "1.1.5"
| /* end confdefs.h.  */
| #include <ac_nonexistent.h>
configure:4163: result: arm-linux-gcc -E
configure:4183: arm-linux-gcc -E  conftest.c
configure:4183: $? = 0
configure:4197: arm-linux-gcc -E  conftest.c
conftest.c:11:28: error: ac_nonexistent.h: No such file or directory
configure:4197: $? = 1
configure: failed program was:
| /* confdefs.h */
| #define PACKAGE_NAME "alsa-lib"
| #define PACKAGE_TARNAME "alsa-lib"
| #define PACKAGE_VERSION "1.1.5"
| #define PACKAGE_STRING "alsa-lib 1.1.5"
| #define PACKAGE_BUGREPORT ""
| #define PACKAGE_URL ""
| #define PACKAGE "alsa-lib"
| #define VERSION "1.1.5"
| /* end confdefs.h.  */
| #include <ac_nonexistent.h>
configure:4227: checking for grep that handles long lines and -e
configure:4285: result: /bin/grep
configure:4290: checking for egrep
configure:4352: result: /bin/grep -E
configure:4357: checking for ANSI C header files
configure:4377: arm-linux-gcc -c -g -O2  conftest.c >&5
configure:4377: $? = 0
configure:4461: result: yes
configure:4474: checking for sys/types.h
configure:4474: arm-linux-gcc -c -g -O2  conftest.c >&5
configure:4474: $? = 0
configure:4474: result: yes
configure:4474: checking for sys/stat.h
configure:4474: arm-linux-gcc -c -g -O2  conftest.c >&5
configure:4474: $? = 0
configure:4474: result: yes
configure:4474: checking for stdlib.h
configure:4474: arm-linux-gcc -c -g -O2  conftest.c >&5
configure:4474: $? = 0
configure:4474: result: yes
configure:4474: checking for string.h
configure:4474: arm-linux-gcc -c -g -O2  conftest.c >&5
configure:4474: $? = 0
configure:4474: result: yes
configure:4474: checking for memory.h
configure:4474: arm-linux-gcc -c -g -O2  conftest.c >&5
configure:4474: $? = 0
configure:4474: result: yes
configure:4474: checking for strings.h
configure:4474: arm-linux-gcc -c -g -O2  conftest.c >&5
configure:4474: $? = 0
configure:4474: result: yes
configure:4474: checking for inttypes.h
configure:4474: arm-linux-gcc -c -g -O2  conftest.c >&5
configure:4474: $? = 0
configure:4474: result: yes
configure:4474: checking for stdint.h
configure:4474: arm-linux-gcc -c -g -O2  conftest.c >&5
configure:4474: $? = 0
configure:4474: result: yes
configure:4474: checking for unistd.h
configure:4474: arm-linux-gcc -c -g -O2  conftest.c >&5
configure:4474: $? = 0
configure:4474: result: yes
configure:4487: checking minix/config.h usability
configure:4487: arm-linux-gcc -c -g -O2  conftest.c >&5
conftest.c:54:26: error: minix/config.h: No such file or directory
configure:4487: $? = 1
configure: failed program was:
| /* confdefs.h */
| #define PACKAGE_NAME "alsa-lib"
| #define PACKAGE_TARNAME "alsa-lib"
| #define PACKAGE_VERSION "1.1.5"
| #define PACKAGE_STRING "alsa-lib 1.1.5"
| #define PACKAGE_BUGREPORT ""
| #define PACKAGE_URL ""
| #define PACKAGE "alsa-lib"
| #define VERSION "1.1.5"
| #define STDC_HEADERS 1
| #define HAVE_SYS_TYPES_H 1
| #define HAVE_SYS_STAT_H 1
| #define HAVE_STDLIB_H 1
| #define HAVE_STRING_H 1
| #define HAVE_MEMORY_H 1
| #define HAVE_STRINGS_H 1
| #define HAVE_INTTYPES_H 1
| #define HAVE_STDINT_H 1
| #define HAVE_UNISTD_H 1
| /* end confdefs.h.  */
| #include <stdio.h>
| #ifdef HAVE_SYS_TYPES_H
| # include <sys/types.h>
| #endif
| #ifdef HAVE_SYS_STAT_H
| # include <sys/stat.h>
| #endif
| #ifdef STDC_HEADERS
| # include <stdlib.h>
| # include <stddef.h>
| #else
| # ifdef HAVE_STDLIB_H
| #  include <stdlib.h>
| # endif
| #endif
| #ifdef HAVE_STRING_H
| # if !defined STDC_HEADERS && defined HAVE_MEMORY_H
| #  include <memory.h>
| # endif
| # include <string.h>
| #endif
| #ifdef HAVE_STRINGS_H
| # include <strings.h>
| #endif
| #ifdef HAVE_INTTYPES_H
| # include <inttypes.h>
| #endif
| #ifdef HAVE_STDINT_H
| # include <stdint.h>
| #endif
| #ifdef HAVE_UNISTD_H
| # include <unistd.h>
| #endif
| #include <minix/config.h>
configure:4487: result: no
configure:4487: checking minix/config.h presence
configure:4487: arm-linux-gcc -E  conftest.c
conftest.c:21:26: error: minix/config.h: No such file or directory
configure:4487: $? = 1
configure: failed program was:
| /* confdefs.h */
| #define PACKAGE_NAME "alsa-lib"
| #define PACKAGE_TARNAME "alsa-lib"
| #define PACKAGE_VERSION "1.1.5"
| #define PACKAGE_STRING "alsa-lib 1.1.5"
| #define PACKAGE_BUGREPORT ""
| #define PACKAGE_URL ""
| #define PACKAGE "alsa-lib"
| #define VERSION "1.1.5"
| #define STDC_HEADERS 1
| #define HAVE_SYS_TYPES_H 1
| #define HAVE_SYS_STAT_H 1
| #define HAVE_STDLIB_H 1
| #define HAVE_STRING_H 1
| #define HAVE_MEMORY_H 1
| #define HAVE_STRINGS_H 1
| #define HAVE_INTTYPES_H 1
| #define HAVE_STDINT_H 1
| #define HAVE_UNISTD_H 1
| /* end confdefs.h.  */
| #include <minix/config.h>
configure:4487: result: no
configure:4487: checking for minix/config.h
configure:4487: result: no
configure:4508: checking whether it is safe to define __EXTENSIONS__
configure:4526: arm-linux-gcc -c -g -O2  conftest.c >&5
configure:4526: $? = 0
configure:4533: result: yes
configure:4548: checking whether ln -s works
configure:4552: result: yes
configure:4640: checking how to print strings
configure:4667: result: printf
configure:4688: checking for a sed that does not truncate output
configure:4752: result: /bin/sed
configure:4770: checking for fgrep
configure:4832: result: /bin/grep -F
configure:4867: checking for ld used by arm-linux-gcc
configure:4934: result: arm-linux-ld
configure:4941: checking if the linker (arm-linux-ld) is GNU ld
configure:4956: result: yes
configure:4968: checking for BSD- or MS-compatible name lister (nm)
configure:5017: result: /opt/arm-linux-gcc-4.3.2/bin/arm-linux-nm -B
configure:5147: checking the name lister (/opt/arm-linux-gcc-4.3.2/bin/arm-linux-nm -B) interface
configure:5154: arm-linux-gcc -c -g -O2  conftest.c >&5
configure:5157: /opt/arm-linux-gcc-4.3.2/bin/arm-linux-nm -B "conftest.o"
configure:5160: output
00000000 B some_variable
configure:5167: result: BSD nm
configure:5171: checking the maximum length of command line arguments
configure:5301: result: 1572864
configure:5318: checking whether the shell understands some XSI constructs
configure:5328: result: yes
configure:5332: checking whether the shell understands "+="
configure:5338: result: yes
configure:5373: checking how to convert x86_64-unknown-linux-gnu file names to arm-unknown-linux-gnu format
configure:5413: result: func_convert_file_noop
configure:5420: checking how to convert x86_64-unknown-linux-gnu file names to toolchain format
configure:5440: result: func_convert_file_noop
configure:5447: checking for arm-linux-ld option to reload object files
configure:5454: result: -r
configure:5488: checking for arm-linux-objdump
configure:5504: found /opt/arm-linux-gcc-4.3.2/bin/arm-linux-objdump
configure:5515: result: arm-linux-objdump
configure:5587: checking how to recognize dependent libraries
configure:5789: result: pass_all
configure:5834: checking for arm-linux-dlltool
configure:5864: result: no
configure:5874: checking for dlltool
configure:5904: result: no
configure:5934: checking how to associate runtime and link libraries
configure:5961: result: printf %s\n
configure:5977: checking for arm-linux-ar
configure:5993: found /opt/arm-linux-gcc-4.3.2/bin/arm-linux-ar
configure:6004: result: arm-linux-ar
configure:6085: checking for archiver @FILE support
configure:6102: arm-linux-gcc -c -g -O2  conftest.c >&5
configure:6102: $? = 0
configure:6105: arm-linux-ar cru libconftest.a @conftest.lst >&5
configure:6108: $? = 0
configure:6113: arm-linux-ar cru libconftest.a @conftest.lst >&5
arm-linux-ar: conftest.o: No such file or directory
configure:6116: $? = 1
configure:6128: result: @
configure:6146: checking for arm-linux-strip
configure:6173: result: arm-linux-strip
configure:6245: checking for arm-linux-ranlib
configure:6261: found /opt/arm-linux-gcc-4.3.2/bin/arm-linux-ranlib
configure:6272: result: arm-linux-ranlib
configure:6414: checking command to parse /opt/arm-linux-gcc-4.3.2/bin/arm-linux-nm -B output from arm-linux-gcc object
configure:6534: arm-linux-gcc -c -g -O2  conftest.c >&5
configure:6537: $? = 0
configure:6541: /opt/arm-linux-gcc-4.3.2/bin/arm-linux-nm -B conftest.o \| sed -n -e 's/^.*[ ]\([ABCDGIRSTW][ABCDGIRSTW]*\)[ ][ ]*\([_A-Za-z][_A-Za-z0-9]*\)$/\1 \2 \2/p' | sed '/ __gnu_lto/d' \> conftest.nm
configure:6544: $? = 0
configure:6610: arm-linux-gcc -o conftest -g -O2   conftest.c conftstm.o >&5
configure:6613: $? = 0
configure:6651: result: ok
configure:6688: checking for sysroot
configure:6718: result: no
configure:6934: checking for arm-linux-mt
configure:6964: result: no
configure:6974: checking for mt
configure:6990: found /bin/mt
configure:7001: result: mt
configure:7013: WARNING: using cross tools not prefixed with host triplet
configure:7024: checking if mt is a manifest tool
configure:7030: mt '-?'
configure:7038: result: no
configure:7677: checking for dlfcn.h
configure:7677: arm-linux-gcc -c -g -O2  conftest.c >&5
configure:7677: $? = 0
configure:7677: result: yes
configure:7851: checking for objdir
configure:7866: result: .libs
configure:8133: checking if arm-linux-gcc supports -fno-rtti -fno-exceptions
configure:8151: arm-linux-gcc -c -g -O2  -fno-rtti -fno-exceptions conftest.c >&5
cc1: warning: command line option "-fno-rtti" is valid for C++/ObjC++ but not for C
configure:8155: $? = 0
configure:8168: result: no
configure:8495: checking for arm-linux-gcc option to produce PIC
configure:8502: result: -fPIC -DPIC
configure:8510: checking if arm-linux-gcc PIC flag -fPIC -DPIC works
configure:8528: arm-linux-gcc -c -g -O2  -fPIC -DPIC -DPIC conftest.c >&5
configure:8532: $? = 0
configure:8545: result: yes
configure:8574: checking if arm-linux-gcc static flag -static works
configure:8602: result: yes
configure:8617: checking if arm-linux-gcc supports -c -o file.o
configure:8638: arm-linux-gcc -c -g -O2  -o out/conftest2.o conftest.c >&5
configure:8642: $? = 0
configure:8664: result: yes
configure:8672: checking if arm-linux-gcc supports -c -o file.o
configure:8719: result: yes
configure:8752: checking whether the arm-linux-gcc linker (arm-linux-ld) supports shared libraries
configure:9905: result: yes
configure:9942: checking whether -lc should be explicitly linked in
configure:9950: arm-linux-gcc -c -g -O2  conftest.c >&5
configure:9953: $? = 0
configure:9968: arm-linux-gcc -shared  -fPIC -DPIC conftest.o  -v -Wl,-soname -Wl,conftest -o conftest 2\>\&1 \| /bin/grep  -lc  \>/dev/null 2\>\&1
configure:9971: $? = 0
configure:9985: result: no
configure:10145: checking dynamic linker characteristics
configure:10656: arm-linux-gcc -o conftest -g -O2   -Wl,-rpath -Wl,/foo conftest.c  >&5
configure:10656: $? = 0
configure:10882: result: GNU/Linux ld.so
configure:10989: checking how to hardcode library paths into programs
configure:11014: result: immediate
configure:11108: checking for shl_load
configure:11108: arm-linux-gcc -o conftest -g -O2   conftest.c  >&5
/tmp/cc6xbjxt.o: In function `main':
/home/shuimu/more/6410_LinuxDriver/20_Sound/alsa-lib-1.1.5/conftest.c:62: undefined reference to `shl_load'
collect2: ld returned 1 exit status
configure:11108: $? = 1
configure: failed program was:
| /* confdefs.h */
| #define PACKAGE_NAME "alsa-lib"
| #define PACKAGE_TARNAME "alsa-lib"
| #define PACKAGE_VERSION "1.1.5"
| #define PACKAGE_STRING "alsa-lib 1.1.5"
| #define PACKAGE_BUGREPORT ""
| #define PACKAGE_URL ""
| #define PACKAGE "alsa-lib"
| #define VERSION "1.1.5"
| #define STDC_HEADERS 1
| #define HAVE_SYS_TYPES_H 1
| #define HAVE_SYS_STAT_H 1
| #define HAVE_STDLIB_H 1
| #define HAVE_STRING_H 1
| #define HAVE_MEMORY_H 1
| #define HAVE_STRINGS_H 1
| #define HAVE_INTTYPES_H 1
| #define HAVE_STDINT_H 1
| #define HAVE_UNISTD_H 1
| #define __EXTENSIONS__ 1
| #define _ALL_SOURCE 1
| #define _GNU_SOURCE 1
| #define _POSIX_PTHREAD_SEMANTICS 1
| #define _TANDEM_SOURCE 1
| #define HAVE_DLFCN_H 1
| #define LT_OBJDIR ".libs/"
| /* end confdefs.h.  */
| /* Define shl_load to an innocuous variant, in case <limits.h> declares shl_load.
|    For example, HP-UX 11i <limits.h> declares gettimeofday.  */
| #define shl_load innocuous_shl_load
| 
| /* System header to define __stub macros and hopefully few prototypes,
|     which can conflict with char shl_load (); below.
|     Prefer <limits.h> to <assert.h> if __STDC__ is defined, since
|     <limits.h> exists even on freestanding compilers.  */
| 
| #ifdef __STDC__
| # include <limits.h>
| #else
| # include <assert.h>
| #endif
| 
| #undef shl_load
| 
| /* Override any GCC internal prototype to avoid an error.
|    Use char because int might match the return type of a GCC
|    builtin and then its argument prototype would still apply.  */
| #ifdef __cplusplus
| extern "C"
| #endif
| char shl_load ();
| /* The GNU C library defines this for functions which it implements
|     to always fail with ENOSYS.  Some functions are actually named
|     something starting with __ and the normal name is an alias.  */
| #if defined __stub_shl_load || defined __stub___shl_load
| choke me
| #endif
| 
| int
| main ()
| {
| return shl_load ();
|   ;
|   return 0;
| }
configure:11108: result: no
configure:11112: checking for shl_load in -ldld
configure:11137: arm-linux-gcc -o conftest -g -O2   conftest.c -ldld   >&5
/opt/arm-linux-gcc-4.3.2/bin/../lib/gcc/arm-none-linux-gnueabi/4.3.2/../../../../arm-none-linux-gnueabi/bin/ld: cannot find -ldld
collect2: ld returned 1 exit status
configure:11137: $? = 1
configure: failed program was:
| /* confdefs.h */
| #define PACKAGE_NAME "alsa-lib"
| #define PACKAGE_TARNAME "alsa-lib"
| #define PACKAGE_VERSION "1.1.5"
| #define PACKAGE_STRING "alsa-lib 1.1.5"
| #define PACKAGE_BUGREPORT ""
| #define PACKAGE_URL ""
| #define PACKAGE "alsa-lib"
| #define VERSION "1.1.5"
| #define STDC_HEADERS 1
| #define HAVE_SYS_TYPES_H 1
| #define HAVE_SYS_STAT_H 1
| #define HAVE_STDLIB_H 1
| #define HAVE_STRING_H 1
| #define HAVE_MEMORY_H 1
| #define HAVE_STRINGS_H 1
| #define HAVE_INTTYPES_H 1
| #define HAVE_STDINT_H 1
| #define HAVE_UNISTD_H 1
| #define __EXTENSIONS__ 1
| #define _ALL_SOURCE 1
| #define _GNU_SOURCE 1
| #define _POSIX_PTHREAD_SEMANTICS 1
| #define _TANDEM_SOURCE 1
| #define HAVE_DLFCN_H 1
| #define LT_OBJDIR ".libs/"
| /* end confdefs.h.  */
| 
| /* Override any GCC internal prototype to avoid an error.
|    Use char because int might match the return type of a GCC
|    builtin and then its argument prototype would still apply.  */
| #ifdef __cplusplus
| extern "C"
| #endif
| char shl_load ();
| int
| main ()
| {
| return shl_load ();
|   ;
|   return 0;
| }
configure:11146: result: no
configure:11151: checking for dlopen
configure:11151: arm-linux-gcc -o conftest -g -O2   conftest.c  >&5
/tmp/ccSUUJoG.o: In function `main':
/home/shuimu/more/6410_LinuxDriver/20_Sound/alsa-lib-1.1.5/conftest.c:62: undefined reference to `dlopen'
collect2: ld returned 1 exit status
configure:11151: $? = 1
configure: failed program was:
| /* confdefs.h */
| #define PACKAGE_NAME "alsa-lib"
| #define PACKAGE_TARNAME "alsa-lib"
| #define PACKAGE_VERSION "1.1.5"
| #define PACKAGE_STRING "alsa-lib 1.1.5"
| #define PACKAGE_BUGREPORT ""
| #define PACKAGE_URL ""
| #define PACKAGE "alsa-lib"
| #define VERSION "1.1.5"
| #define STDC_HEADERS 1
| #define HAVE_SYS_TYPES_H 1
| #define HAVE_SYS_STAT_H 1
| #define HAVE_STDLIB_H 1
| #define HAVE_STRING_H 1
| #define HAVE_MEMORY_H 1
| #define HAVE_STRINGS_H 1
| #define HAVE_INTTYPES_H 1
| #define HAVE_STDINT_H 1
| #define HAVE_UNISTD_H 1
| #define __EXTENSIONS__ 1
| #define _ALL_SOURCE 1
| #define _GNU_SOURCE 1
| #define _POSIX_PTHREAD_SEMANTICS 1
| #define _TANDEM_SOURCE 1
| #define HAVE_DLFCN_H 1
| #define LT_OBJDIR ".libs/"
| /* end confdefs.h.  */
| /* Define dlopen to an innocuous variant, in case <limits.h> declares dlopen.
|    For example, HP-UX 11i <limits.h> declares gettimeofday.  */
| #define dlopen innocuous_dlopen
| 
| /* System header to define __stub macros and hopefully few prototypes,
|     which can conflict with char dlopen (); below.
|     Prefer <limits.h> to <assert.h> if __STDC__ is defined, since
|     <limits.h> exists even on freestanding compilers.  */
| 
| #ifdef __STDC__
| # include <limits.h>
| #else
| # include <assert.h>
| #endif
| 
| #undef dlopen
| 
| /* Override any GCC internal prototype to avoid an error.
|    Use char because int might match the return type of a GCC
|    builtin and then its argument prototype would still apply.  */
| #ifdef __cplusplus
| extern "C"
| #endif
| char dlopen ();
| /* The GNU C library defines this for functions which it implements
|     to always fail with ENOSYS.  Some functions are actually named
|     something starting with __ and the normal name is an alias.  */
| #if defined __stub_dlopen || defined __stub___dlopen
| choke me
| #endif
| 
| int
| main ()
| {
| return dlopen ();
|   ;
|   return 0;
| }
configure:11151: result: no
configure:11155: checking for dlopen in -ldl
configure:11180: arm-linux-gcc -o conftest -g -O2   conftest.c -ldl   >&5
configure:11180: $? = 0
configure:11189: result: yes
configure:11308: checking whether a program can dlopen itself
configure:11409: result: cross
configure:11554: checking whether stripping libraries is possible
configure:11559: result: yes
configure:11594: checking if libtool supports shared libraries
configure:11596: result: yes
configure:11599: checking whether to build shared libraries
configure:11620: result: yes
configure:11623: checking whether to build static libraries
configure:11627: result: no
configure:11667: checking for ANSI C header files
configure:11771: result: yes
configure:11782: checking for an ANSI C-conforming const
configure:11848: arm-linux-gcc -c -g -O2  conftest.c >&5
configure:11848: $? = 0
configure:11855: result: yes
configure:11863: checking for inline
configure:11879: arm-linux-gcc -c -g -O2  conftest.c >&5
configure:11879: $? = 0
configure:11887: result: inline
configure:11905: checking whether time.h and sys/time.h may both be included
configure:11925: arm-linux-gcc -c -g -O2  conftest.c >&5
configure:11925: $? = 0
configure:11932: result: yes
configure:11942: checking whether arm-linux-gcc needs -traditional
configure:11976: result: no
configure:11985: checking for uselocale
configure:11985: arm-linux-gcc -o conftest -g -O2   conftest.c  >&5
configure:11985: $? = 0
configure:11985: result: yes
configure:11996: checking for library version
configure:12021: result: major 1 minor 1 subminor 5 extrastr  extraver 1000000
configure:12112: checking for versioned symbols
configure:12139: result: yes
configure:12158: checking for symbolic-functions
configure:12177: result: no
configure:12189: checking for custom symbol prefixes
configure:12202: result: 
configure:12205: checking for debug
configure:12216: result: yes
configure:12227: checking for debug assert
configure:12243: result: no
configure:12248: checking for tmpdir
configure:12258: result: /tmp
configure:12266: checking for softfloat
configure:12284: result: no
configure:12293: checking for libdl
configure:12305: checking for dlsym in -ldl
configure:12330: arm-linux-gcc -o conftest -g -O2   conftest.c -ldl   >&5
configure:12330: $? = 0
configure:12339: result: yes
configure:12364: checking for pthread
configure:12375: checking for pthread_join in -lpthread
configure:12400: arm-linux-gcc -o conftest -g -O2   conftest.c -lpthread   >&5
configure:12400: $? = 0
configure:12409: result: yes
configure:12427: checking whether PTHREAD_MUTEX_RECURSIVE is declared
configure:12427: arm-linux-gcc -c -g -O2  conftest.c >&5
configure:12427: $? = 0
configure:12427: result: yes
configure:12437: checking for __thread
configure:12452: arm-linux-gcc -o conftest -g -O2   conftest.c  >&5
configure:12452: $? = 0
configure:12456: result: yes
configure:12465: checking for librt
configure:12476: checking for clock_gettime in -lrt
configure:12501: arm-linux-gcc -o conftest -g -O2   conftest.c -lrt   >&5
configure:12501: $? = 0
configure:12510: result: yes
configure:12532: checking for use of wordexp
configure:12558: result: no
configure:12565: checking endian.h usability
configure:12565: arm-linux-gcc -c -g -O2  conftest.c >&5
configure:12565: $? = 0
configure:12565: result: yes
configure:12565: checking endian.h presence
configure:12565: arm-linux-gcc -E  conftest.c
configure:12565: $? = 0
configure:12565: result: yes
configure:12565: checking for endian.h
configure:12565: result: yes
configure:12565: checking sys/endian.h usability
configure:12565: arm-linux-gcc -c -g -O2  conftest.c >&5
conftest.c:78:24: error: sys/endian.h: No such file or directory
configure:12565: $? = 1
configure: failed program was:
| /* confdefs.h */
| #define PACKAGE_NAME "alsa-lib"
| #define PACKAGE_TARNAME "alsa-lib"
| #define PACKAGE_VERSION "1.1.5"
| #define PACKAGE_STRING "alsa-lib 1.1.5"
| #define PACKAGE_BUGREPORT ""
| #define PACKAGE_URL ""
| #define PACKAGE "alsa-lib"
| #define VERSION "1.1.5"
| #define STDC_HEADERS 1
| #define HAVE_SYS_TYPES_H 1
| #define HAVE_SYS_STAT_H 1
| #define HAVE_STDLIB_H 1
| #define HAVE_STRING_H 1
| #define HAVE_MEMORY_H 1
| #define HAVE_STRINGS_H 1
| #define HAVE_INTTYPES_H 1
| #define HAVE_STDINT_H 1
| #define HAVE_UNISTD_H 1
| #define __EXTENSIONS__ 1
| #define _ALL_SOURCE 1
| #define _GNU_SOURCE 1
| #define _POSIX_PTHREAD_SEMANTICS 1
| #define _TANDEM_SOURCE 1
| #define HAVE_DLFCN_H 1
| #define LT_OBJDIR ".libs/"
| #define STDC_HEADERS 1
| #define TIME_WITH_SYS_TIME 1
| #define HAVE_USELOCALE 1
| #define VERSION "1.1.5"
| #define ALSA_CONFIG_DIR "/usr/local/share/alsa"
| #define ALSA_PLUGIN_DIR "/usr/local/lib/alsa_lib"
| #define ALSA_PKGCONF_DIR "/usr/local/share/arm-alsa/lib/pkgconfig"
| #define VERSIONED_SYMBOLS /**/
| #define __SYMBOL_PREFIX ""
| #define TMPDIR "/tmp"
| #define HAVE_LIBDL 1
| #define HAVE_LIBPTHREAD 1
| #define HAVE_PTHREAD_MUTEX_RECURSIVE /**/
| #define HAVE___THREAD 1
| #define HAVE_LIBRT 1
| #define HAVE_CLOCK_GETTIME 1
| #define HAVE_ENDIAN_H 1
| /* end confdefs.h.  */
| #include <stdio.h>
| #ifdef HAVE_SYS_TYPES_H
| # include <sys/types.h>
| #endif
| #ifdef HAVE_SYS_STAT_H
| # include <sys/stat.h>
| #endif
| #ifdef STDC_HEADERS
| # include <stdlib.h>
| # include <stddef.h>
| #else
| # ifdef HAVE_STDLIB_H
| #  include <stdlib.h>
| # endif
| #endif
| #ifdef HAVE_STRING_H
| # if !defined STDC_HEADERS && defined HAVE_MEMORY_H
| #  include <memory.h>
| # endif
| # include <string.h>
| #endif
| #ifdef HAVE_STRINGS_H
| # include <strings.h>
| #endif
| #ifdef HAVE_INTTYPES_H
| # include <inttypes.h>
| #endif
| #ifdef HAVE_STDINT_H
| # include <stdint.h>
| #endif
| #ifdef HAVE_UNISTD_H
| # include <unistd.h>
| #endif
| #include <sys/endian.h>
configure:12565: result: no
configure:12565: checking sys/endian.h presence
configure:12565: arm-linux-gcc -E  conftest.c
conftest.c:45:24: error: sys/endian.h: No such file or directory
configure:12565: $? = 1
configure: failed program was:
| /* confdefs.h */
| #define PACKAGE_NAME "alsa-lib"
| #define PACKAGE_TARNAME "alsa-lib"
| #define PACKAGE_VERSION "1.1.5"
| #define PACKAGE_STRING "alsa-lib 1.1.5"
| #define PACKAGE_BUGREPORT ""
| #define PACKAGE_URL ""
| #define PACKAGE "alsa-lib"
| #define VERSION "1.1.5"
| #define STDC_HEADERS 1
| #define HAVE_SYS_TYPES_H 1
| #define HAVE_SYS_STAT_H 1
| #define HAVE_STDLIB_H 1
| #define HAVE_STRING_H 1
| #define HAVE_MEMORY_H 1
| #define HAVE_STRINGS_H 1
| #define HAVE_INTTYPES_H 1
| #define HAVE_STDINT_H 1
| #define HAVE_UNISTD_H 1
| #define __EXTENSIONS__ 1
| #define _ALL_SOURCE 1
| #define _GNU_SOURCE 1
| #define _POSIX_PTHREAD_SEMANTICS 1
| #define _TANDEM_SOURCE 1
| #define HAVE_DLFCN_H 1
| #define LT_OBJDIR ".libs/"
| #define STDC_HEADERS 1
| #define TIME_WITH_SYS_TIME 1
| #define HAVE_USELOCALE 1
| #define VERSION "1.1.5"
| #define ALSA_CONFIG_DIR "/usr/local/share/alsa"
| #define ALSA_PLUGIN_DIR "/usr/local/lib/alsa_lib"
| #define ALSA_PKGCONF_DIR "/usr/local/share/arm-alsa/lib/pkgconfig"
| #define VERSIONED_SYMBOLS /**/
| #define __SYMBOL_PREFIX ""
| #define TMPDIR "/tmp"
| #define HAVE_LIBDL 1
| #define HAVE_LIBPTHREAD 1
| #define HAVE_PTHREAD_MUTEX_RECURSIVE /**/
| #define HAVE___THREAD 1
| #define HAVE_LIBRT 1
| #define HAVE_CLOCK_GETTIME 1
| #define HAVE_ENDIAN_H 1
| /* end confdefs.h.  */
| #include <sys/endian.h>
configure:12565: result: no
configure:12565: checking for sys/endian.h
configure:12565: result: no
configure:12565: checking sys/shm.h usability
configure:12565: arm-linux-gcc -c -g -O2  conftest.c >&5
configure:12565: $? = 0
configure:12565: result: yes
configure:12565: checking sys/shm.h presence
configure:12565: arm-linux-gcc -E  conftest.c
configure:12565: $? = 0
configure:12565: result: yes
configure:12565: checking for sys/shm.h
configure:12565: result: yes
configure:12576: checking for resmgr support
configure:12585: result: no
configure:12640: checking for aload* support
configure:12649: result: yes
configure:12657: checking for ALSA device file directory
configure:12675: result: /dev/snd/
configure:12678: checking for aload* device file directory
configure:12696: result: /dev/
configure:12935: checking whether GCC supports builtin atomic intrinsics
configure:12953: arm-linux-gcc -o conftest -g -O2   conftest.c  >&5
conftest.c: In function 'main':
conftest.c:61: error: '__ATOMIC_SEQ_CST' undeclared (first use in this function)
conftest.c:61: error: (Each undeclared identifier is reported only once
conftest.c:61: error: for each function it appears in.)
configure:12953: $? = 1
configure: failed program was:
| /* confdefs.h */
| #define PACKAGE_NAME "alsa-lib"
| #define PACKAGE_TARNAME "alsa-lib"
| #define PACKAGE_VERSION "1.1.5"
| #define PACKAGE_STRING "alsa-lib 1.1.5"
| #define PACKAGE_BUGREPORT ""
| #define PACKAGE_URL ""
| #define PACKAGE "alsa-lib"
| #define VERSION "1.1.5"
| #define STDC_HEADERS 1
| #define HAVE_SYS_TYPES_H 1
| #define HAVE_SYS_STAT_H 1
| #define HAVE_STDLIB_H 1
| #define HAVE_STRING_H 1
| #define HAVE_MEMORY_H 1
| #define HAVE_STRINGS_H 1
| #define HAVE_INTTYPES_H 1
| #define HAVE_STDINT_H 1
| #define HAVE_UNISTD_H 1
| #define __EXTENSIONS__ 1
| #define _ALL_SOURCE 1
| #define _GNU_SOURCE 1
| #define _POSIX_PTHREAD_SEMANTICS 1
| #define _TANDEM_SOURCE 1
| #define HAVE_DLFCN_H 1
| #define LT_OBJDIR ".libs/"
| #define STDC_HEADERS 1
| #define TIME_WITH_SYS_TIME 1
| #define HAVE_USELOCALE 1
| #define VERSION "1.1.5"
| #define ALSA_CONFIG_DIR "/usr/local/share/alsa"
| #define ALSA_PLUGIN_DIR "/usr/local/lib/alsa_lib"
| #define ALSA_PKGCONF_DIR "/usr/local/share/arm-alsa/lib/pkgconfig"
| #define VERSIONED_SYMBOLS /**/
| #define __SYMBOL_PREFIX ""
| #define TMPDIR "/tmp"
| #define HAVE_LIBDL 1
| #define HAVE_LIBPTHREAD 1
| #define HAVE_PTHREAD_MUTEX_RECURSIVE /**/
| #define HAVE___THREAD 1
| #define HAVE_LIBRT 1
| #define HAVE_CLOCK_GETTIME 1
| #define HAVE_ENDIAN_H 1
| #define HAVE_SYS_SHM_H 1
| #define SUPPORT_ALOAD "1"
| #define ALSA_DEVICE_DIRECTORY "/dev/snd/"
| #define ALOAD_DEVICE_DIRECTORY "/dev/"
| #define BUILD_MIXER "1"
| #define BUILD_PCM "1"
| #define BUILD_RAWMIDI "1"
| #define BUILD_HWDEP "1"
| #define BUILD_SEQ "1"
| #define BUILD_UCM "1"
| #define BUILD_TOPOLOGY "1"
| /* end confdefs.h.  */
| 
| int
| main ()
| {
| int i;
|      __atomic_load_n(&i, __ATOMIC_SEQ_CST);
|      __atomic_add_fetch(&i, 0, __ATOMIC_SEQ_CST);
| 
|   ;
|   return 0;
| }
configure:12961: result: no
configure:13351: checking for max number of cards
configure:13361: result: 32
configure:13376: checking for thread-safe API functions
configure:13386: result: yes
configure:13514: checking that generated files are newer than configure
configure:13520: result: done
configure:13727: creating ./config.status

## ---------------------- ##
## Running config.status. ##
## ---------------------- ##

This file was extended by alsa-lib config.status 1.1.5, which was
generated by GNU Autoconf 2.69.  Invocation command line was

  CONFIG_FILES    = 
  CONFIG_HEADERS  = 
  CONFIG_LINKS    = 
  CONFIG_COMMANDS = 
  $ ./config.status 

on shuimuR

config.status:1279: creating Makefile
config.status:1279: creating doc/Makefile
config.status:1279: creating doc/pictures/Makefile
config.status:1279: creating doc/doxygen.cfg
config.status:1279: creating include/Makefile
config.status:1279: creating include/sound/Makefile
config.status:1279: creating src/Versions
config.status:1279: creating src/Makefile
config.status:1279: creating src/control/Makefile
config.status:1279: creating src/mixer/Makefile
config.status:1279: creating src/pcm/Makefile
config.status:1279: creating src/pcm/scopes/Makefile
config.status:1279: creating src/rawmidi/Makefile
config.status:1279: creating src/timer/Makefile
config.status:1279: creating src/hwdep/Makefile
config.status:1279: creating src/seq/Makefile
config.status:1279: creating src/ucm/Makefile
config.status:1279: creating src/alisp/Makefile
config.status:1279: creating src/topology/Makefile
config.status:1279: creating src/conf/Makefile
config.status:1279: creating src/conf/alsa.conf.d/Makefile
config.status:1279: creating src/conf/cards/Makefile
config.status:1279: creating src/conf/pcm/Makefile
config.status:1279: creating src/conf/ucm/Makefile
config.status:1279: creating src/conf/ucm/DAISY-I2S/Makefile
config.status:1279: creating src/conf/ucm/PandaBoard/Makefile
config.status:1279: creating src/conf/ucm/PandaBoardES/Makefile
config.status:1279: creating src/conf/ucm/SDP4430/Makefile
config.status:1279: creating src/conf/ucm/tegraalc5632/Makefile
config.status:1279: creating src/conf/ucm/PAZ00/Makefile
config.status:1279: creating src/conf/ucm/GoogleNyan/Makefile
config.status:1279: creating src/conf/ucm/broadwell-rt286/Makefile
config.status:1279: creating src/conf/ucm/skylake-rt286/Makefile
config.status:1279: creating src/conf/ucm/VEYRON-I2S/Makefile
config.status:1279: creating src/conf/ucm/chtrt5645/Makefile
config.status:1279: creating src/conf/ucm/DB410c/Makefile
config.status:1279: creating src/conf/ucm/bytcr-rt5651/Makefile
config.status:1279: creating src/conf/topology/Makefile
config.status:1279: creating src/conf/topology/broadwell/Makefile
config.status:1279: creating modules/Makefile
config.status:1279: creating modules/mixer/Makefile
config.status:1279: creating modules/mixer/simple/Makefile
config.status:1279: creating src/conf/topology/sklrt286/Makefile
config.status:1279: creating src/conf/topology/bxtrt298/Makefile
config.status:1279: creating alsalisp/Makefile
config.status:1279: creating aserver/Makefile
config.status:1279: creating test/Makefile
config.status:1279: creating test/lsb/Makefile
config.status:1279: creating src/conf/ucm/broxton-rt298/Makefile
config.status:1279: creating utils/Makefile
config.status:1279: creating utils/alsa-lib.spec
config.status:1279: creating utils/alsa.pc
config.status:1279: creating include/config.h
config.status:1508: executing depfiles commands
config.status:1508: executing libtool commands

## ---------------- ##
## Cache variables. ##
## ---------------- ##

ac_cv_build=x86_64-unknown-linux-gnu
ac_cv_c_compiler_gnu=yes
ac_cv_c_const=yes
ac_cv_c_inline=inline
ac_cv_env_CC_set=set
ac_cv_env_CC_value=arm-linux-gcc
ac_cv_env_CFLAGS_set=
ac_cv_env_CFLAGS_value=
ac_cv_env_CPPFLAGS_set=
ac_cv_env_CPPFLAGS_value=
ac_cv_env_CPP_set=
ac_cv_env_CPP_value=
ac_cv_env_LDFLAGS_set=
ac_cv_env_LDFLAGS_value=
ac_cv_env_LIBS_set=
ac_cv_env_LIBS_value=
ac_cv_env_build_alias_set=
ac_cv_env_build_alias_value=
ac_cv_env_host_alias_set=set
ac_cv_env_host_alias_value=arm-linux
ac_cv_env_target_alias_set=
ac_cv_env_target_alias_value=
ac_cv_func_dlopen=no
ac_cv_func_shl_load=no
ac_cv_func_uselocale=yes
ac_cv_have_decl_PTHREAD_MUTEX_RECURSIVE=yes
ac_cv_header_dlfcn_h=yes
ac_cv_header_endian_h=yes
ac_cv_header_inttypes_h=yes
ac_cv_header_memory_h=yes
ac_cv_header_minix_config_h=no
ac_cv_header_stdc=yes
ac_cv_header_stdint_h=yes
ac_cv_header_stdlib_h=yes
ac_cv_header_string_h=yes
ac_cv_header_strings_h=yes
ac_cv_header_sys_endian_h=no
ac_cv_header_sys_shm_h=yes
ac_cv_header_sys_stat_h=yes
ac_cv_header_sys_types_h=yes
ac_cv_header_time=yes
ac_cv_header_unistd_h=yes
ac_cv_host=arm-unknown-linux-gnu
ac_cv_lib_dl_dlopen=yes
ac_cv_lib_dl_dlsym=yes
ac_cv_lib_dld_shl_load=no
ac_cv_lib_pthread_pthread_join=yes
ac_cv_lib_rt_clock_gettime=yes
ac_cv_objext=o
ac_cv_path_EGREP='/bin/grep -E'
ac_cv_path_FGREP='/bin/grep -F'
ac_cv_path_GREP=/bin/grep
ac_cv_path_SED=/bin/sed
ac_cv_path_install='/usr/bin/install -c'
ac_cv_path_mkdir=/bin/mkdir
ac_cv_prog_AR=arm-linux-ar
ac_cv_prog_AWK=mawk
ac_cv_prog_CC=arm-linux-gcc
ac_cv_prog_CPP='arm-linux-gcc -E'
ac_cv_prog_OBJDUMP=arm-linux-objdump
ac_cv_prog_RANLIB=arm-linux-ranlib
ac_cv_prog_STRIP=arm-linux-strip
ac_cv_prog_ac_ct_MANIFEST_TOOL=mt
ac_cv_prog_cc_c89=
ac_cv_prog_cc_g=yes
ac_cv_prog_gcc_traditional=no
ac_cv_prog_make_make_set=yes
ac_cv_safe_to_define___extensions__=yes
am_cv_CC_dependencies_compiler_type=gcc3
am_cv_make_support_nested_variables=yes
lt_cv_ar_at_file=@
lt_cv_archive_cmds_need_lc=no
lt_cv_deplibs_check_method=pass_all
lt_cv_dlopen=dlopen
lt_cv_dlopen_libs=-ldl
lt_cv_dlopen_self=cross
lt_cv_file_magic_cmd='$MAGIC_CMD'
lt_cv_file_magic_test_file=
lt_cv_ld_reload_flag=-r
lt_cv_nm_interface='BSD nm'
lt_cv_objdir=.libs
lt_cv_path_LD=arm-linux-ld
lt_cv_path_NM='/opt/arm-linux-gcc-4.3.2/bin/arm-linux-nm -B'
lt_cv_path_mainfest_tool=no
lt_cv_prog_compiler_c_o=yes
lt_cv_prog_compiler_pic='-fPIC -DPIC'
lt_cv_prog_compiler_pic_works=yes
lt_cv_prog_compiler_rtti_exceptions=no
lt_cv_prog_compiler_static_works=yes
lt_cv_prog_gnu_ld=yes
lt_cv_sharedlib_from_linklib_cmd='printf %s\n'
lt_cv_shlibpath_overrides_runpath=no
lt_cv_sys_global_symbol_pipe='sed -n -e '\''s/^.*[	 ]\([ABCDGIRSTW][ABCDGIRSTW]*\)[	 ][	 ]*\([_A-Za-z][_A-Za-z0-9]*\)$/\1 \2 \2/p'\'' | sed '\''/ __gnu_lto/d'\'''
lt_cv_sys_global_symbol_to_c_name_address='sed -n -e '\''s/^: \([^ ]*\)[ ]*$/  {\"\1\", (void *) 0},/p'\'' -e '\''s/^[ABCDGIRSTW]* \([^ ]*\) \([^ ]*\)$/  {"\2", (void *) \&\2},/p'\'''
lt_cv_sys_global_symbol_to_c_name_address_lib_prefix='sed -n -e '\''s/^: \([^ ]*\)[ ]*$/  {\"\1\", (void *) 0},/p'\'' -e '\''s/^[ABCDGIRSTW]* \([^ ]*\) \(lib[^ ]*\)$/  {"\2", (void *) \&\2},/p'\'' -e '\''s/^[ABCDGIRSTW]* \([^ ]*\) \([^ ]*\)$/  {"lib\2", (void *) \&\2},/p'\'''
lt_cv_sys_global_symbol_to_cdecl='sed -n -e '\''s/^T .* \(.*\)$/extern int \1();/p'\'' -e '\''s/^[ABCDGIRSTW]* .* \(.*\)$/extern char \1;/p'\'''
lt_cv_sys_max_cmd_len=1572864
lt_cv_to_host_file_cmd=func_convert_file_noop
lt_cv_to_tool_file_cmd=func_convert_file_noop

## ----------------- ##
## Output variables. ##
## ----------------- ##

ACLOCAL='${SHELL} /home/shuimu/more/6410_LinuxDriver/20_Sound/alsa-lib-1.1.5/missing --run aclocal-1.12'
ALSA_CONFIG_DIR='/usr/local/share/alsa'
ALSA_DEPLIBS='-lm -ldl -lpthread -lrt'
ALSA_PKGCONF_DIR='/usr/local/share/arm-alsa/lib/pkgconfig'
ALSA_PLUGIN_DIR='/usr/local/lib/alsa_lib'
AMDEPBACKSLASH='\'
AMDEP_FALSE='#'
AMDEP_TRUE=''
AMTAR='$${TAR-tar}'
AM_BACKSLASH='\'
AM_DEFAULT_V='$(AM_DEFAULT_VERBOSITY)'
AM_DEFAULT_VERBOSITY='0'
AM_V='$(V)'
AR='arm-linux-ar'
AUTOCONF='${SHELL} /home/shuimu/more/6410_LinuxDriver/20_Sound/alsa-lib-1.1.5/missing --run autoconf'
AUTOHEADER='${SHELL} /home/shuimu/more/6410_LinuxDriver/20_Sound/alsa-lib-1.1.5/missing --run autoheader'
AUTOMAKE='${SHELL} /home/shuimu/more/6410_LinuxDriver/20_Sound/alsa-lib-1.1.5/missing --run automake-1.12'
AWK='mawk'
BUILD_ALISP_FALSE='#'
BUILD_ALISP_TRUE=''
BUILD_CTL_PLUGIN_EXT_FALSE='#'
BUILD_CTL_PLUGIN_EXT_TRUE=''
BUILD_CTL_PLUGIN_FALSE='#'
BUILD_CTL_PLUGIN_SHM_FALSE='#'
BUILD_CTL_PLUGIN_SHM_TRUE=''
BUILD_CTL_PLUGIN_TRUE=''
BUILD_HWDEP_FALSE='#'
BUILD_HWDEP_TRUE=''
BUILD_MIXER_FALSE='#'
BUILD_MIXER_TRUE=''
BUILD_MODULES_FALSE='#'
BUILD_MODULES_TRUE=''
BUILD_PCM_FALSE='#'
BUILD_PCM_PLUGIN_ADPCM_FALSE='#'
BUILD_PCM_PLUGIN_ADPCM_TRUE=''
BUILD_PCM_PLUGIN_ALAW_FALSE='#'
BUILD_PCM_PLUGIN_ALAW_TRUE=''
BUILD_PCM_PLUGIN_ASYM_FALSE='#'
BUILD_PCM_PLUGIN_ASYM_TRUE=''
BUILD_PCM_PLUGIN_COPY_FALSE='#'
BUILD_PCM_PLUGIN_COPY_TRUE=''
BUILD_PCM_PLUGIN_DMIX_FALSE='#'
BUILD_PCM_PLUGIN_DMIX_TRUE=''
BUILD_PCM_PLUGIN_DSHARE_FALSE='#'
BUILD_PCM_PLUGIN_DSHARE_TRUE=''
BUILD_PCM_PLUGIN_DSNOOP_FALSE='#'
BUILD_PCM_PLUGIN_DSNOOP_TRUE=''
BUILD_PCM_PLUGIN_EMPTY_FALSE='#'
BUILD_PCM_PLUGIN_EMPTY_TRUE=''
BUILD_PCM_PLUGIN_EXTPLUG_FALSE='#'
BUILD_PCM_PLUGIN_EXTPLUG_TRUE=''
BUILD_PCM_PLUGIN_FALSE='#'
BUILD_PCM_PLUGIN_FILE_FALSE='#'
BUILD_PCM_PLUGIN_FILE_TRUE=''
BUILD_PCM_PLUGIN_HOOKS_FALSE='#'
BUILD_PCM_PLUGIN_HOOKS_TRUE=''
BUILD_PCM_PLUGIN_IEC958_FALSE='#'
BUILD_PCM_PLUGIN_IEC958_TRUE=''
BUILD_PCM_PLUGIN_IOPLUG_FALSE='#'
BUILD_PCM_PLUGIN_IOPLUG_TRUE=''
BUILD_PCM_PLUGIN_LADSPA_FALSE='#'
BUILD_PCM_PLUGIN_LADSPA_TRUE=''
BUILD_PCM_PLUGIN_LFLOAT_FALSE='#'
BUILD_PCM_PLUGIN_LFLOAT_TRUE=''
BUILD_PCM_PLUGIN_LINEAR_FALSE='#'
BUILD_PCM_PLUGIN_LINEAR_TRUE=''
BUILD_PCM_PLUGIN_METER_FALSE=''
BUILD_PCM_PLUGIN_METER_TRUE='#'
BUILD_PCM_PLUGIN_MMAP_EMUL_FALSE='#'
BUILD_PCM_PLUGIN_MMAP_EMUL_TRUE=''
BUILD_PCM_PLUGIN_MULAW_FALSE='#'
BUILD_PCM_PLUGIN_MULAW_TRUE=''
BUILD_PCM_PLUGIN_MULTI_FALSE='#'
BUILD_PCM_PLUGIN_MULTI_TRUE=''
BUILD_PCM_PLUGIN_NULL_FALSE='#'
BUILD_PCM_PLUGIN_NULL_TRUE=''
BUILD_PCM_PLUGIN_PLUG_FALSE='#'
BUILD_PCM_PLUGIN_PLUG_TRUE=''
BUILD_PCM_PLUGIN_RATE_FALSE='#'
BUILD_PCM_PLUGIN_RATE_TRUE=''
BUILD_PCM_PLUGIN_ROUTE_FALSE='#'
BUILD_PCM_PLUGIN_ROUTE_TRUE=''
BUILD_PCM_PLUGIN_SHARE_FALSE='#'
BUILD_PCM_PLUGIN_SHARE_TRUE=''
BUILD_PCM_PLUGIN_SHM_FALSE='#'
BUILD_PCM_PLUGIN_SHM_TRUE=''
BUILD_PCM_PLUGIN_SOFTVOL_FALSE='#'
BUILD_PCM_PLUGIN_SOFTVOL_TRUE=''
BUILD_PCM_PLUGIN_TRUE=''
BUILD_PCM_TRUE=''
BUILD_PYTHON_FALSE=''
BUILD_PYTHON_TRUE='#'
BUILD_RAWMIDI_FALSE='#'
BUILD_RAWMIDI_TRUE=''
BUILD_SEQ_FALSE='#'
BUILD_SEQ_TRUE=''
BUILD_TOPOLOGY_FALSE='#'
BUILD_TOPOLOGY_TRUE=''
BUILD_UCM_FALSE='#'
BUILD_UCM_TRUE=''
CC='arm-linux-gcc'
CCDEPMODE='depmode=gcc3'
CFLAGS='-g -O2'
CPP='arm-linux-gcc -E'
CPPFLAGS=''
CYGPATH_W='echo'
DEFS='-DHAVE_CONFIG_H'
DEPDIR='.deps'
DLLTOOL='false'
DSYMUTIL=''
DUMPBIN=''
ECHO_C=''
ECHO_N='-n'
ECHO_T=''
EGREP='/bin/grep -E'
EXEEXT=''
FGREP='/bin/grep -F'
GREP='/bin/grep'
INSTALL_DATA='${INSTALL} -m 644'
INSTALL_M4_FALSE='#'
INSTALL_M4_TRUE=''
INSTALL_PROGRAM='${INSTALL}'
INSTALL_SCRIPT='${INSTALL}'
INSTALL_STRIP_PROGRAM='$(install_sh) -c -s'
KEEP_OLD_SYMBOLS_FALSE='#'
KEEP_OLD_SYMBOLS_TRUE=''
LD='arm-linux-ld'
LDFLAGS=''
LIBOBJS=''
LIBS=''
LIBTOOL='$(SHELL) $(top_builddir)/libtool'
LIBTOOL_VERSION_INFO='2:0:0'
LIPO=''
LN_S='ln -s'
LTLIBOBJS=''
MAINT=''
MAINTAINER_MODE_FALSE='#'
MAINTAINER_MODE_TRUE=''
MAKEINFO='${SHELL} /home/shuimu/more/6410_LinuxDriver/20_Sound/alsa-lib-1.1.5/missing --run makeinfo'
MANIFEST_TOOL=':'
MKDIR_P='/bin/mkdir -p'
NM='/opt/arm-linux-gcc-4.3.2/bin/arm-linux-nm -B'
NMEDIT=''
OBJDUMP='arm-linux-objdump'
OBJEXT='o'
OTOOL64=''
OTOOL=''
PACKAGE='alsa-lib'
PACKAGE_BUGREPORT=''
PACKAGE_NAME='alsa-lib'
PACKAGE_STRING='alsa-lib 1.1.5'
PACKAGE_TARNAME='alsa-lib'
PACKAGE_URL=''
PACKAGE_VERSION='1.1.5'
PATH_SEPARATOR=':'
PYTHON_INCLUDES=''
PYTHON_LIBS=''
RANLIB='arm-linux-ranlib'
SED='/bin/sed'
SET_MAKE=''
SHELL='/bin/bash'
SND_LIB_EXTRAVER='1000000'
SND_LIB_MAJOR='1'
SND_LIB_MINOR='1'
SND_LIB_SUBMINOR='5'
SND_LIB_VERSION='1.1.5'
STRIP='arm-linux-strip'
SYMBOLIC_FUNCTIONS_FALSE=''
SYMBOLIC_FUNCTIONS_TRUE='#'
SYMBOL_PREFIX=''
VERSION='1.1.5'
VERSIONED_SYMBOLS_FALSE='#'
VERSIONED_SYMBOLS_TRUE=''
ac_ct_AR=''
ac_ct_CC=''
ac_ct_DUMPBIN=''
am__EXEEXT_FALSE=''
am__EXEEXT_TRUE='#'
am__fastdepCC_FALSE='#'
am__fastdepCC_TRUE=''
am__include='include'
am__isrc=''
am__leading_dot='.'
am__nodep='_no'
am__quote=''
am__tar='$${TAR-tar} chof - "$$tardir"'
am__untar='$${TAR-tar} xf -'
bindir='${exec_prefix}/bin'
build='x86_64-unknown-linux-gnu'
build_alias=''
build_cpu='x86_64'
build_os='linux-gnu'
build_vendor='unknown'
datadir='${datarootdir}'
datarootdir='${prefix}/share'
docdir='${datarootdir}/doc/${PACKAGE_TARNAME}'
dvidir='${docdir}'
exec_prefix='/usr/local/share/arm-alsa'
host='arm-unknown-linux-gnu'
host_alias='arm-linux'
host_cpu='arm'
host_os='linux-gnu'
host_vendor='unknown'
htmldir='${docdir}'
includedir='${prefix}/include'
infodir='${datarootdir}/info'
install_sh='${SHELL} /home/shuimu/more/6410_LinuxDriver/20_Sound/alsa-lib-1.1.5/install-sh'
libdir='${exec_prefix}/lib'
libexecdir='${exec_prefix}/libexec'
localedir='${datarootdir}/locale'
localstatedir='${prefix}/var'
mandir='${datarootdir}/man'
mkdir_p='$(MKDIR_P)'
oldincludedir='/usr/include'
pdfdir='${docdir}'
prefix='/usr/local/share/arm-alsa'
program_transform_name='s,x,x,'
psdir='${docdir}'
sbindir='${exec_prefix}/sbin'
sharedstatedir='${prefix}/com'
sysconfdir='${prefix}/etc'
target_alias=''

## ----------- ##
## confdefs.h. ##
## ----------- ##

/* confdefs.h */
#define PACKAGE_NAME "alsa-lib"
#define PACKAGE_TARNAME "alsa-lib"
#define PACKAGE_VERSION "1.1.5"
#define PACKAGE_STRING "alsa-lib 1.1.5"
#define PACKAGE_BUGREPORT ""
#define PACKAGE_URL ""
#define PACKAGE "alsa-lib"
#define VERSION "1.1.5"
#define STDC_HEADERS 1
#define HAVE_SYS_TYPES_H 1
#define HAVE_SYS_STAT_H 1
#define HAVE_STDLIB_H 1
#define HAVE_STRING_H 1
#define HAVE_MEMORY_H 1
#define HAVE_STRINGS_H 1
#define HAVE_INTTYPES_H 1
#define HAVE_STDINT_H 1
#define HAVE_UNISTD_H 1
#define __EXTENSIONS__ 1
#define _ALL_SOURCE 1
#define _GNU_SOURCE 1
#define _POSIX_PTHREAD_SEMANTICS 1
#define _TANDEM_SOURCE 1
#define HAVE_DLFCN_H 1
#define LT_OBJDIR ".libs/"
#define STDC_HEADERS 1
#define TIME_WITH_SYS_TIME 1
#define HAVE_USELOCALE 1
#define VERSION "1.1.5"
#define ALSA_CONFIG_DIR "/usr/local/share/alsa"
#define ALSA_PLUGIN_DIR "/usr/local/lib/alsa_lib"
#define ALSA_PKGCONF_DIR "/usr/local/share/arm-alsa/lib/pkgconfig"
#define VERSIONED_SYMBOLS /**/
#define __SYMBOL_PREFIX ""
#define TMPDIR "/tmp"
#define HAVE_LIBDL 1
#define HAVE_LIBPTHREAD 1
#define HAVE_PTHREAD_MUTEX_RECURSIVE /**/
#define HAVE___THREAD 1
#define HAVE_LIBRT 1
#define HAVE_CLOCK_GETTIME 1
#define HAVE_ENDIAN_H 1
#define HAVE_SYS_SHM_H 1
#define SUPPORT_ALOAD "1"
#define ALSA_DEVICE_DIRECTORY "/dev/snd/"
#define ALOAD_DEVICE_DIRECTORY "/dev/"
#define BUILD_MIXER "1"
#define BUILD_PCM "1"
#define BUILD_RAWMIDI "1"
#define BUILD_HWDEP "1"
#define BUILD_SEQ "1"
#define BUILD_UCM "1"
#define BUILD_TOPOLOGY "1"
#define BUILD_PCM_PLUGIN_RATE "1"
#define BUILD_PCM_PLUGIN_ROUTE "1"
#define BUILD_PCM_PLUGIN_LFLOAT "1"
#define BUILD_PCM_PLUGIN_ADPCM "1"
#define BUILD_PCM_PLUGIN_MULAW "1"
#define BUILD_PCM_PLUGIN_ALAW "1"
#define BUILD_PCM_PLUGIN_MMAP_EMUL "1"
#define SND_MAX_CARDS 32
#define THREAD_SAFE_API "1"

configure: exit 0
