This file contains any messages produced by compilers while
running configure, to aid debugging if configure makes a mistake.

It was created by alsa-utils configure 1.1.5, which was
generated by GNU Autoconf 2.69.  Invocation command line was

  $ ./configure --host=arm-linux --prefix=/usr/local/share/arm-alsa CFLAGS=-I/usr/local/share/arm-alsa/include LDFLAGS=-L/usr/local/share/arm-alsa/lib-lasound --disable-alsamixer --disable-xmlto --with-alsa-inc-prefix=/usr/local/share/arm-alsa/include --with-alsa-prefix=/usr/local/share/arm-alsa/lib CC=arm-linux-gcc CXX=arm-linux-g++ LD=arm-linux-ld

## --------- ##
## Platform. ##
## --------- ##

hostname = shuimuR
uname -m = x86_64
uname -r = 4.10.0-42-generic
uname -s = Linux
uname -v = #46~16.04.1-Ubuntu SMP Mon Dec 4 15:57:59 UTC 2017

/usr/bin/uname -p = unknown
/bin/uname -X     = unknown

/bin/arch              = unknown
/usr/bin/arch -k       = unknown
/usr/convex/getsysinfo = unknown
/usr/bin/hostinfo      = unknown
/bin/machine           = unknown
/usr/bin/oslevel       = unknown
/bin/universe          = unknown

PATH: /usr/local/sbin
PATH: /usr/local/bin
PATH: /usr/sbin
PATH: /usr/bin
PATH: /sbin
PATH: /bin
PATH: /snap/bin
PATH: /opt/arm-linux-gcc-4.3.2/bin


## ----------- ##
## Core tests. ##
## ----------- ##

configure:2373: checking for a BSD-compatible install
configure:2441: result: /usr/bin/install -c
configure:2452: checking whether build environment is sane
configure:2507: result: yes
configure:2566: checking for arm-linux-strip
configure:2582: found /opt/arm-linux-gcc-4.3.2/bin/arm-linux-strip
configure:2593: result: arm-linux-strip
configure:2658: checking for a thread-safe mkdir -p
configure:2697: result: /bin/mkdir -p
configure:2704: checking for gawk
configure:2734: result: no
configure:2704: checking for mawk
configure:2720: found /usr/bin/mawk
configure:2731: result: mawk
configure:2742: checking whether make sets $(MAKE)
configure:2764: result: yes
configure:2852: checking whether to enable maintainer-specific portions of Makefiles
configure:2861: result: yes
configure:2883: checking whether NLS is requested
configure:2892: result: yes
configure:2933: checking for msgfmt
configure: trying /usr/bin/msgfmt...
0 translated messages.
configure:2965: result: /usr/bin/msgfmt
configure:2974: checking for gmsgfmt
configure:3005: result: /usr/bin/msgfmt
configure:3056: checking for xgettext
configure: trying /usr/bin/xgettext...
/usr/bin/xgettext: warning: file '/dev/null' extension '' is unknown; will try C
configure:3088: result: /usr/bin/xgettext
configure:3134: checking for msgmerge
configure: trying /usr/bin/msgmerge...
configure:3165: result: /usr/bin/msgmerge
configure:3210: checking for style of include used by make
configure:3238: result: GNU
configure:3269: checking for arm-linux-gcc
configure:3296: result: arm-linux-gcc
configure:3565: checking for C compiler version
configure:3574: arm-linux-gcc --version >&5
arm-none-linux-gnueabi-gcc (Sourcery G++ Lite 2008q3-72) 4.3.2
Copyright (C) 2008 Free Software Foundation, Inc.
This is free software; see the source for copying conditions.  There is NO
warranty; not even for MERCHANTABILITY or FITNESS FOR A PARTICULAR PURPOSE.

configure:3585: $? = 0
configure:3574: arm-linux-gcc -v >&5
Using built-in specs.
Target: arm-none-linux-gnueabi
Configured with: /scratch/julian/lite-respin/linux/src/gcc-4.3/configure --build=i686-pc-linux-gnu --host=i686-pc-linux-gnu --target=arm-none-linux-gnueabi --enable-threads --disable-libmudflap --disable-libssp --disable-libstdcxx-pch --with-gnu-as --with-gnu-ld --enable-languages=c,c++ --enable-shared --enable-symvers=gnu --enable-__cxa_atexit --with-pkgversion='Sourcery G++ Lite 2008q3-72' --with-bugurl=https://support.codesourcery.com/GNUToolchain/ --disable-nls --prefix=/opt/codesourcery --with-sysroot=/opt/codesourcery/arm-none-linux-gnueabi/libc --with-build-sysroot=/scratch/julian/lite-respin/linux/install/arm-none-linux-gnueabi/libc --with-gmp=/scratch/julian/lite-respin/linux/obj/host-libs-2008q3-72-arm-none-linux-gnueabi-i686-pc-linux-gnu/usr --with-mpfr=/scratch/julian/lite-respin/linux/obj/host-libs-2008q3-72-arm-none-linux-gnueabi-i686-pc-linux-gnu/usr --disable-libgomp --enable-poison-system-directories --with-build-time-tools=/scratch/julian/lite-respin/linux/install/arm-none-linux-gnueabi/bin --with-build-time-tools=/scratch/julian/lite-respin/linux/install/arm-none-linux-gnueabi/bin
Thread model: posix
gcc version 4.3.2 (Sourcery G++ Lite 2008q3-72) 
configure:3585: $? = 0
configure:3574: arm-linux-gcc -V >&5
arm-none-linux-gnueabi-gcc: '-V' must come at the start of the command line
configure:3585: $? = 1
configure:3574: arm-linux-gcc -qversion >&5
arm-none-linux-gnueabi-gcc: unrecognized option '-qversion'
arm-none-linux-gnueabi-gcc: no input files
configure:3585: $? = 1
configure:3605: checking whether the C compiler works
configure:3627: arm-linux-gcc -I/usr/local/share/arm-alsa/include  -L/usr/local/share/arm-alsa/lib-lasound conftest.c  >&5
configure:3631: $? = 0
configure:3679: result: yes
configure:3682: checking for C compiler default output file name
configure:3684: result: a.out
configure:3690: checking for suffix of executables
configure:3697: arm-linux-gcc -o conftest -I/usr/local/share/arm-alsa/include  -L/usr/local/share/arm-alsa/lib-lasound conftest.c  >&5
configure:3701: $? = 0
configure:3723: result: 
configure:3745: checking whether we are cross compiling
configure:3753: arm-linux-gcc -o conftest -I/usr/local/share/arm-alsa/include  -L/usr/local/share/arm-alsa/lib-lasound conftest.c  >&5
configure:3757: $? = 0
configure:3764: ./conftest
./configure: line 3766: ./conftest: cannot execute binary file: Exec format error
configure:3768: $? = 126
configure:3783: result: yes
configure:3788: checking for suffix of object files
configure:3810: arm-linux-gcc -c -I/usr/local/share/arm-alsa/include  conftest.c >&5
configure:3814: $? = 0
configure:3835: result: o
configure:3839: checking whether we are using the GNU C compiler
configure:3858: arm-linux-gcc -c -I/usr/local/share/arm-alsa/include  conftest.c >&5
configure:3858: $? = 0
configure:3867: result: yes
configure:3876: checking whether arm-linux-gcc accepts -g
configure:3896: arm-linux-gcc -c -g  conftest.c >&5
configure:3896: $? = 0
configure:3937: result: yes
configure:3954: checking for arm-linux-gcc option to accept ISO C89
configure:4017: arm-linux-gcc  -c -I/usr/local/share/arm-alsa/include  conftest.c >&5
configure:4017: $? = 0
configure:4030: result: none needed
configure:4052: checking dependency style of arm-linux-gcc
configure:4163: result: gcc3
configure:4182: checking build system type
configure:4196: result: x86_64-unknown-linux-gnu
configure:4216: checking host system type
configure:4229: result: arm-unknown-linux-gnu
configure:4273: checking for ld used by GCC
configure:4337: result: arm-linux-ld
configure:4344: checking if the linker (arm-linux-ld) is GNU ld
configure:4357: result: yes
configure:4364: checking for shared library run path origin
configure:4377: result: done
configure:4402: checking how to run the C preprocessor
configure:4433: arm-linux-gcc -E  conftest.c
configure:4433: $? = 0
configure:4447: arm-linux-gcc -E  conftest.c
conftest.c:11:28: error: ac_nonexistent.h: No such file or directory
configure:4447: $? = 1
configure: failed program was:
| /* confdefs.h */
| #define PACKAGE_NAME "alsa-utils"
| #define PACKAGE_TARNAME "alsa-utils"
| #define PACKAGE_VERSION "1.1.5"
| #define PACKAGE_STRING "alsa-utils 1.1.5"
| #define PACKAGE_BUGREPORT ""
| #define PACKAGE_URL ""
| #define PACKAGE "alsa-utils"
| #define VERSION "1.1.5"
| /* end confdefs.h.  */
| #include <ac_nonexistent.h>
configure:4472: result: arm-linux-gcc -E
configure:4492: arm-linux-gcc -E  conftest.c
configure:4492: $? = 0
configure:4506: arm-linux-gcc -E  conftest.c
conftest.c:11:28: error: ac_nonexistent.h: No such file or directory
configure:4506: $? = 1
configure: failed program was:
| /* confdefs.h */
| #define PACKAGE_NAME "alsa-utils"
| #define PACKAGE_TARNAME "alsa-utils"
| #define PACKAGE_VERSION "1.1.5"
| #define PACKAGE_STRING "alsa-utils 1.1.5"
| #define PACKAGE_BUGREPORT ""
| #define PACKAGE_URL ""
| #define PACKAGE "alsa-utils"
| #define VERSION "1.1.5"
| /* end confdefs.h.  */
| #include <ac_nonexistent.h>
configure:4535: checking for grep that handles long lines and -e
configure:4593: result: /bin/grep
configure:4598: checking for egrep
configure:4660: result: /bin/grep -E
configure:5218: checking for CFPreferencesCopyAppValue
configure:5236: arm-linux-gcc -o conftest -I/usr/local/share/arm-alsa/include  -L/usr/local/share/arm-alsa/lib-lasound conftest.c  -Wl,-framework -Wl,CoreFoundation >&5
conftest.c:11:42: error: CoreFoundation/CFPreferences.h: No such file or directory
conftest.c: In function 'main':
conftest.c:15: error: 'NULL' undeclared (first use in this function)
conftest.c:15: error: (Each undeclared identifier is reported only once
conftest.c:15: error: for each function it appears in.)
configure:5236: $? = 1
configure: failed program was:
| /* confdefs.h */
| #define PACKAGE_NAME "alsa-utils"
| #define PACKAGE_TARNAME "alsa-utils"
| #define PACKAGE_VERSION "1.1.5"
| #define PACKAGE_STRING "alsa-utils 1.1.5"
| #define PACKAGE_BUGREPORT ""
| #define PACKAGE_URL ""
| #define PACKAGE "alsa-utils"
| #define VERSION "1.1.5"
| /* end confdefs.h.  */
| #include <CoreFoundation/CFPreferences.h>
| int
| main ()
| {
| CFPreferencesCopyAppValue(NULL, NULL)
|   ;
|   return 0;
| }
configure:5245: result: no
configure:5252: checking for CFLocaleCopyCurrent
configure:5270: arm-linux-gcc -o conftest -I/usr/local/share/arm-alsa/include  -L/usr/local/share/arm-alsa/lib-lasound conftest.c  -Wl,-framework -Wl,CoreFoundation >&5
conftest.c:11:37: error: CoreFoundation/CFLocale.h: No such file or directory
configure:5270: $? = 1
configure: failed program was:
| /* confdefs.h */
| #define PACKAGE_NAME "alsa-utils"
| #define PACKAGE_TARNAME "alsa-utils"
| #define PACKAGE_VERSION "1.1.5"
| #define PACKAGE_STRING "alsa-utils 1.1.5"
| #define PACKAGE_BUGREPORT ""
| #define PACKAGE_URL ""
| #define PACKAGE "alsa-utils"
| #define VERSION "1.1.5"
| /* end confdefs.h.  */
| #include <CoreFoundation/CFLocale.h>
| int
| main ()
| {
| CFLocaleCopyCurrent();
|   ;
|   return 0;
| }
configure:5279: result: no
configure:5328: checking for GNU gettext in libc
configure:5348: arm-linux-gcc -o conftest -I/usr/local/share/arm-alsa/include  -L/usr/local/share/arm-alsa/lib-lasound conftest.c  >&5
configure:5348: $? = 0
configure:5357: result: yes
configure:6148: checking whether to use NLS
configure:6150: result: yes
configure:6153: checking where the gettext function comes from
configure:6164: result: libc
configure:6232: checking for arm-linux-gcc
configure:6259: result: arm-linux-gcc
configure:6528: checking for C compiler version
configure:6537: arm-linux-gcc --version >&5
arm-none-linux-gnueabi-gcc (Sourcery G++ Lite 2008q3-72) 4.3.2
Copyright (C) 2008 Free Software Foundation, Inc.
This is free software; see the source for copying conditions.  There is NO
warranty; not even for MERCHANTABILITY or FITNESS FOR A PARTICULAR PURPOSE.

configure:6548: $? = 0
configure:6537: arm-linux-gcc -v >&5
Using built-in specs.
Target: arm-none-linux-gnueabi
Configured with: /scratch/julian/lite-respin/linux/src/gcc-4.3/configure --build=i686-pc-linux-gnu --host=i686-pc-linux-gnu --target=arm-none-linux-gnueabi --enable-threads --disable-libmudflap --disable-libssp --disable-libstdcxx-pch --with-gnu-as --with-gnu-ld --enable-languages=c,c++ --enable-shared --enable-symvers=gnu --enable-__cxa_atexit --with-pkgversion='Sourcery G++ Lite 2008q3-72' --with-bugurl=https://support.codesourcery.com/GNUToolchain/ --disable-nls --prefix=/opt/codesourcery --with-sysroot=/opt/codesourcery/arm-none-linux-gnueabi/libc --with-build-sysroot=/scratch/julian/lite-respin/linux/install/arm-none-linux-gnueabi/libc --with-gmp=/scratch/julian/lite-respin/linux/obj/host-libs-2008q3-72-arm-none-linux-gnueabi-i686-pc-linux-gnu/usr --with-mpfr=/scratch/julian/lite-respin/linux/obj/host-libs-2008q3-72-arm-none-linux-gnueabi-i686-pc-linux-gnu/usr --disable-libgomp --enable-poison-system-directories --with-build-time-tools=/scratch/julian/lite-respin/linux/install/arm-none-linux-gnueabi/bin --with-build-time-tools=/scratch/julian/lite-respin/linux/install/arm-none-linux-gnueabi/bin
Thread model: posix
gcc version 4.3.2 (Sourcery G++ Lite 2008q3-72) 
configure:6548: $? = 0
configure:6537: arm-linux-gcc -V >&5
arm-none-linux-gnueabi-gcc: '-V' must come at the start of the command line
configure:6548: $? = 1
configure:6537: arm-linux-gcc -qversion >&5
arm-none-linux-gnueabi-gcc: unrecognized option '-qversion'
arm-none-linux-gnueabi-gcc: no input files
configure:6548: $? = 1
configure:6552: checking whether we are using the GNU C compiler
configure:6580: result: yes
configure:6589: checking whether arm-linux-gcc accepts -g
configure:6650: result: yes
configure:6667: checking for arm-linux-gcc option to accept ISO C89
configure:6743: result: none needed
configure:6765: checking dependency style of arm-linux-gcc
configure:6876: result: gcc3
configure:6893: checking whether ln -s works
configure:6897: result: yes
configure:6904: checking for a sed that does not truncate output
configure:6968: result: /bin/sed
configure:6983: checking for arm-linux-pkg-config
configure:7016: result: no
configure:7026: checking for pkg-config
configure:7044: found /usr/bin/pkg-config
configure:7056: result: /usr/bin/pkg-config
configure:7068: WARNING: using cross tools not prefixed with host triplet
configure:7081: checking pkg-config is at least version 0.9.0
configure:7084: result: yes
configure:7123: checking for ALSA CFLAGS
configure:7129: result:  -I/usr/local/share/arm-alsa/include
configure:7132: checking for ALSA LDFLAGS
configure:7141: result:  -L/usr/local/share/arm-alsa/lib -lasound -lm -ldl -lpthread
configure:7146: checking for libasound headers version >= 1.0.27
configure:7208: arm-linux-gcc -c -I/usr/local/share/arm-alsa/include -I/usr/local/share/arm-alsa/include  conftest.c >&5
configure:7208: $? = 0
configure:7209: result: found.
configure:7228: checking for snd_ctl_open in -lasound
configure:7253: arm-linux-gcc -o conftest -I/usr/local/share/arm-alsa/include -I/usr/local/share/arm-alsa/include  -L/usr/local/share/arm-alsa/lib-lasound  -L/usr/local/share/arm-alsa/lib conftest.c -lasound   -L/usr/local/share/arm-alsa/lib -lasound -lm -ldl -lpthread  >&5
configure:7253: $? = 0
configure:7262: result: yes
configure:7298: checking for snd_ctl_elem_add_enumerated
configure:7298: arm-linux-gcc -o conftest -I/usr/local/share/arm-alsa/include -I/usr/local/share/arm-alsa/include  -L/usr/local/share/arm-alsa/lib-lasound  -L/usr/local/share/arm-alsa/lib conftest.c -lasound -L/usr/local/share/arm-alsa/lib -lm -ldl -lpthread >&5
configure:7298: $? = 0
configure:7298: result: yes
configure:7309: checking for alsa/pcm.h
configure:7309: arm-linux-gcc -c -I/usr/local/share/arm-alsa/include -I/usr/local/share/arm-alsa/include  conftest.c >&5
configure:7309: $? = 0
configure:7309: result: yes
configure:7324: checking for alsa/mixer.h
configure:7324: arm-linux-gcc -c -I/usr/local/share/arm-alsa/include -I/usr/local/share/arm-alsa/include  conftest.c >&5
configure:7324: $? = 0
configure:7324: result: yes
configure:7339: checking for alsa/rawmidi.h
configure:7339: arm-linux-gcc -c -I/usr/local/share/arm-alsa/include -I/usr/local/share/arm-alsa/include  conftest.c >&5
configure:7339: $? = 0
configure:7339: result: yes
configure:7354: checking for alsa/seq.h
configure:7354: arm-linux-gcc -c -I/usr/local/share/arm-alsa/include -I/usr/local/share/arm-alsa/include  conftest.c >&5
configure:7354: $? = 0
configure:7354: result: yes
configure:7369: checking for alsa/use-case.h
configure:7369: arm-linux-gcc -c -I/usr/local/share/arm-alsa/include -I/usr/local/share/arm-alsa/include  conftest.c >&5
configure:7369: $? = 0
configure:7369: result: yes
configure:7384: checking for alsa/topology.h
configure:7384: arm-linux-gcc -c -I/usr/local/share/arm-alsa/include -I/usr/local/share/arm-alsa/include  conftest.c >&5
configure:7384: $? = 0
configure:7384: result: yes
configure:7399: checking for samplerate.h
configure:7399: arm-linux-gcc -c -I/usr/local/share/arm-alsa/include -I/usr/local/share/arm-alsa/include  conftest.c >&5
conftest.c:21:24: error: samplerate.h: No such file or directory
configure:7399: $? = 1
configure: failed program was:
| /* confdefs.h */
| #define PACKAGE_NAME "alsa-utils"
| #define PACKAGE_TARNAME "alsa-utils"
| #define PACKAGE_VERSION "1.1.5"
| #define PACKAGE_STRING "alsa-utils 1.1.5"
| #define PACKAGE_BUGREPORT ""
| #define PACKAGE_URL ""
| #define PACKAGE "alsa-utils"
| #define VERSION "1.1.5"
| #define ENABLE_NLS 1
| #define HAVE_GETTEXT 1
| #define HAVE_DCGETTEXT 1
| #define HAVE_LIBASOUND 1
| #define HAVE_ALSA_PCM_H 1
| #define HAVE_ALSA_MIXER_H 1
| #define HAVE_ALSA_RAWMIDI_H 1
| #define HAVE_ALSA_SEQ_H 1
| #define HAVE_ALSA_USE_CASE_H 1
| #define HAVE_ALSA_TOPOLOGY_H 1
| /* end confdefs.h.  */
| #include <samplerate.h>
| 
| #include <samplerate.h>
configure:7399: result: no
configure:7413: checking for snd_seq_client_info_get_card in -lasound
configure:7438: arm-linux-gcc -o conftest -I/usr/local/share/arm-alsa/include -I/usr/local/share/arm-alsa/include  -L/usr/local/share/arm-alsa/lib-lasound  -L/usr/local/share/arm-alsa/lib conftest.c -lasound  -lasound -L/usr/local/share/arm-alsa/lib -lm -ldl -lpthread >&5
configure:7438: $? = 0
configure:7447: result: yes
configure:7458: checking for snd_seq_client_info_get_pid in -lasound
configure:7483: arm-linux-gcc -o conftest -I/usr/local/share/arm-alsa/include -I/usr/local/share/arm-alsa/include  -L/usr/local/share/arm-alsa/lib-lasound  -L/usr/local/share/arm-alsa/lib conftest.c -lasound  -lasound -L/usr/local/share/arm-alsa/lib -lm -ldl -lpthread >&5
configure:7483: $? = 0
configure:7492: result: yes
configure:7606: checking for fftwf_malloc in -lfftw3f
configure:7631: arm-linux-gcc -o conftest -I/usr/local/share/arm-alsa/include -I/usr/local/share/arm-alsa/include  -L/usr/local/share/arm-alsa/lib-lasound  -L/usr/local/share/arm-alsa/lib conftest.c -lfftw3f  -lasound -L/usr/local/share/arm-alsa/lib -lm -ldl -lpthread >&5
/opt/arm-linux-gcc-4.3.2/bin/../lib/gcc/arm-none-linux-gnueabi/4.3.2/../../../../arm-none-linux-gnueabi/bin/ld: cannot find -lfftw3f
collect2: ld returned 1 exit status
configure:7631: $? = 1
configure: failed program was:
| /* confdefs.h */
| #define PACKAGE_NAME "alsa-utils"
| #define PACKAGE_TARNAME "alsa-utils"
| #define PACKAGE_VERSION "1.1.5"
| #define PACKAGE_STRING "alsa-utils 1.1.5"
| #define PACKAGE_BUGREPORT ""
| #define PACKAGE_URL ""
| #define PACKAGE "alsa-utils"
| #define VERSION "1.1.5"
| #define ENABLE_NLS 1
| #define HAVE_GETTEXT 1
| #define HAVE_DCGETTEXT 1
| #define HAVE_LIBASOUND 1
| #define HAVE_ALSA_PCM_H 1
| #define HAVE_ALSA_MIXER_H 1
| #define HAVE_ALSA_RAWMIDI_H 1
| #define HAVE_ALSA_SEQ_H 1
| #define HAVE_ALSA_USE_CASE_H 1
| #define HAVE_ALSA_TOPOLOGY_H 1
| #define HAVE_SEQ_CLIENT_INFO_GET_CARD 1
| #define HAVE_SEQ_CLIENT_INFO_GET_PID 1
| /* end confdefs.h.  */
| 
| /* Override any GCC internal prototype to avoid an error.
|    Use char because int might match the return type of a GCC
|    builtin and then its argument prototype would still apply.  */
| #ifdef __cplusplus
| extern "C"
| #endif
| char fftwf_malloc ();
| int
| main ()
| {
| return fftwf_malloc ();
|   ;
|   return 0;
| }
configure:7640: result: no
configure:7704: checking for sqrtf in -lm
configure:7729: arm-linux-gcc -o conftest -I/usr/local/share/arm-alsa/include -I/usr/local/share/arm-alsa/include  -L/usr/local/share/arm-alsa/lib-lasound  -L/usr/local/share/arm-alsa/lib conftest.c -lm  -lasound -L/usr/local/share/arm-alsa/lib -lm -ldl -lpthread >&5
conftest.c:30: warning: conflicting types for built-in function 'sqrtf'
configure:7729: $? = 0
configure:7738: result: yes
configure:7751: checking for pthread_create in -lpthread
configure:7776: arm-linux-gcc -o conftest -I/usr/local/share/arm-alsa/include -I/usr/local/share/arm-alsa/include  -L/usr/local/share/arm-alsa/lib-lasound  -L/usr/local/share/arm-alsa/lib conftest.c -lpthread  -lm -lasound -L/usr/local/share/arm-alsa/lib -lm -ldl -lpthread >&5
configure:7776: $? = 0
configure:7785: result: yes
configure:7826: checking for librt
configure:7837: checking for clock_gettime in -lrt
configure:7862: arm-linux-gcc -o conftest -I/usr/local/share/arm-alsa/include -I/usr/local/share/arm-alsa/include  -L/usr/local/share/arm-alsa/lib-lasound  -L/usr/local/share/arm-alsa/lib conftest.c -lrt  -lasound -L/usr/local/share/arm-alsa/lib -lm -ldl -lpthread >&5
configure:7862: $? = 0
configure:7871: result: yes
configure:8024: checking for rst2man
configure:8054: result: no
configure:8084: checking for ANSI C header files
configure:8104: arm-linux-gcc -c -I/usr/local/share/arm-alsa/include -I/usr/local/share/arm-alsa/include  conftest.c >&5
configure:8104: $? = 0
configure:8188: result: yes
configure:9062: checking for an ANSI C-conforming const
configure:9128: arm-linux-gcc -c -I/usr/local/share/arm-alsa/include -I/usr/local/share/arm-alsa/include  conftest.c >&5
configure:9128: $? = 0
configure:9135: result: yes
configure:9143: checking for inline
configure:9159: arm-linux-gcc -c -I/usr/local/share/arm-alsa/include -I/usr/local/share/arm-alsa/include  conftest.c >&5
configure:9159: $? = 0
configure:9167: result: inline
configure:9185: checking whether time.h and sys/time.h may both be included
configure:9205: arm-linux-gcc -c -I/usr/local/share/arm-alsa/include -I/usr/local/share/arm-alsa/include  conftest.c >&5
configure:9205: $? = 0
configure:9212: result: yes
configure:9222: checking whether arm-linux-gcc needs -traditional
configure:9256: result: no
configure:9271: checking for special C compiler options needed for large files
configure:9316: result: no
configure:9322: checking for _FILE_OFFSET_BITS value needed for large files
configure:9347: arm-linux-gcc -c -I/usr/local/share/arm-alsa/include -I/usr/local/share/arm-alsa/include  conftest.c >&5
conftest.c:37: warning: left shift count >= width of type
conftest.c:37: warning: left shift count >= width of type
conftest.c:39: error: size of array 'off_t_is_large' is negative
configure:9347: $? = 1
configure: failed program was:
| /* confdefs.h */
| #define PACKAGE_NAME "alsa-utils"
| #define PACKAGE_TARNAME "alsa-utils"
| #define PACKAGE_VERSION "1.1.5"
| #define PACKAGE_STRING "alsa-utils 1.1.5"
| #define PACKAGE_BUGREPORT ""
| #define PACKAGE_URL ""
| #define PACKAGE "alsa-utils"
| #define VERSION "1.1.5"
| #define ENABLE_NLS 1
| #define HAVE_GETTEXT 1
| #define HAVE_DCGETTEXT 1
| #define HAVE_LIBASOUND 1
| #define HAVE_ALSA_PCM_H 1
| #define HAVE_ALSA_MIXER_H 1
| #define HAVE_ALSA_RAWMIDI_H 1
| #define HAVE_ALSA_SEQ_H 1
| #define HAVE_ALSA_USE_CASE_H 1
| #define HAVE_ALSA_TOPOLOGY_H 1
| #define HAVE_SEQ_CLIENT_INFO_GET_CARD 1
| #define HAVE_SEQ_CLIENT_INFO_GET_PID 1
| #define HAVE_LIBM 1
| #define HAVE_LIBPTHREAD 1
| #define HAVE_LIBRT 1
| #define HAVE_CLOCK_GETTIME 1
| #define STDC_HEADERS 1
| #define SOUNDSDIR "/usr/local/share/arm-alsa/share/sounds/alsa"
| #define DATADIR "/usr/local/share/arm-alsa/share/alsa"
| #define TIME_WITH_SYS_TIME 1
| /* end confdefs.h.  */
| #include <sys/types.h>
|  /* Check that off_t can represent 2**63 - 1 correctly.
|     We can't simply define LARGE_OFF_T to be 9223372036854775807,
|     since some C++ compilers masquerading as C compilers
|     incorrectly reject 9223372036854775807.  */
| #define LARGE_OFF_T (((off_t) 1 << 62) - 1 + ((off_t) 1 << 62))
|   int off_t_is_large[(LARGE_OFF_T % 2147483629 == 721
| 		       && LARGE_OFF_T % 2147483647 == 1)
| 		      ? 1 : -1];
| int
| main ()
| {
| 
|   ;
|   return 0;
| }
configure:9371: arm-linux-gcc -c -I/usr/local/share/arm-alsa/include -I/usr/local/share/arm-alsa/include  conftest.c >&5
configure:9371: $? = 0
configure:9379: result: 64
configure:9486: checking for SYSTEMD
configure:9493: $PKG_CONFIG --exists --print-errors "systemd >= 18"
configure:9496: $? = 0
configure:9509: $PKG_CONFIG --exists --print-errors "systemd >= 18"
configure:9512: $? = 0
configure:9549: result: yes
configure:9726: checking that generated files are newer than configure
configure:9732: result: done
configure:9827: creating ./config.status

## ---------------------- ##
## Running config.status. ##
## ---------------------- ##

This file was extended by alsa-utils config.status 1.1.5, which was
generated by GNU Autoconf 2.69.  Invocation command line was

  CONFIG_FILES    = 
  CONFIG_HEADERS  = 
  CONFIG_LINKS    = 
  CONFIG_COMMANDS = 
  $ ./config.status 

on shuimuR

config.status:993: creating Makefile
config.status:993: creating alsactl/Makefile
config.status:993: creating alsactl/init/Makefile
config.status:993: creating alsamixer/Makefile
config.status:993: creating amidi/Makefile
config.status:993: creating amixer/Makefile
config.status:993: creating m4/Makefile
config.status:993: creating po/Makefile.in
config.status:993: creating alsaconf/alsaconf
config.status:993: creating alsaconf/Makefile
config.status:993: creating alsaconf/po/Makefile
config.status:1101: WARNING:  'alsaconf/po/Makefile.in' seems to ignore the --datarootdir setting
config.status:993: creating alsaucm/Makefile
config.status:993: creating topology/Makefile
config.status:993: creating bat/Makefile
config.status:993: creating bat/tests/Makefile
config.status:993: creating bat/tests/asound_state/Makefile
config.status:993: creating aplay/Makefile
config.status:993: creating include/Makefile
config.status:993: creating iecset/Makefile
config.status:993: creating utils/Makefile
config.status:993: creating utils/alsa-utils.spec
config.status:993: creating seq/Makefile
config.status:993: creating seq/aconnect/Makefile
config.status:993: creating seq/aplaymidi/Makefile
config.status:993: creating seq/aseqdump/Makefile
config.status:993: creating seq/aseqnet/Makefile
config.status:993: creating speaker-test/Makefile
config.status:993: creating speaker-test/samples/Makefile
config.status:993: creating alsaloop/Makefile
config.status:993: creating alsa-info/Makefile
config.status:993: creating include/aconfig.h
config.status:1222: executing po-directories commands
config.status:1222: executing depfiles commands

## ---------------- ##
## Cache variables. ##
## ---------------- ##

ac_cv_build=x86_64-unknown-linux-gnu
ac_cv_c_compiler_gnu=yes
ac_cv_c_const=yes
ac_cv_c_inline=inline
ac_cv_env_CC_set=set
ac_cv_env_CC_value=arm-linux-gcc
ac_cv_env_CFLAGS_set=set
ac_cv_env_CFLAGS_value=-I/usr/local/share/arm-alsa/include
ac_cv_env_CPPFLAGS_set=
ac_cv_env_CPPFLAGS_value=
ac_cv_env_CPP_set=
ac_cv_env_CPP_value=
ac_cv_env_LDFLAGS_set=set
ac_cv_env_LDFLAGS_value=-L/usr/local/share/arm-alsa/lib-lasound
ac_cv_env_LIBS_set=
ac_cv_env_LIBS_value=
ac_cv_env_NCURSESW_CFLAGS_set=
ac_cv_env_NCURSESW_CFLAGS_value=
ac_cv_env_NCURSESW_LIBS_set=
ac_cv_env_NCURSESW_LIBS_value=
ac_cv_env_NCURSES_CFLAGS_set=
ac_cv_env_NCURSES_CFLAGS_value=
ac_cv_env_NCURSES_LIBS_set=
ac_cv_env_NCURSES_LIBS_value=
ac_cv_env_PKG_CONFIG_LIBDIR_set=
ac_cv_env_PKG_CONFIG_LIBDIR_value=
ac_cv_env_PKG_CONFIG_PATH_set=
ac_cv_env_PKG_CONFIG_PATH_value=
ac_cv_env_PKG_CONFIG_set=
ac_cv_env_PKG_CONFIG_value=
ac_cv_env_SYSTEMD_CFLAGS_set=
ac_cv_env_SYSTEMD_CFLAGS_value=
ac_cv_env_SYSTEMD_LIBS_set=
ac_cv_env_SYSTEMD_LIBS_value=
ac_cv_env_build_alias_set=
ac_cv_env_build_alias_value=
ac_cv_env_host_alias_set=set
ac_cv_env_host_alias_value=arm-linux
ac_cv_env_target_alias_set=
ac_cv_env_target_alias_value=
ac_cv_func_snd_ctl_elem_add_enumerated=yes
ac_cv_header_alsa_mixer_h=yes
ac_cv_header_alsa_pcm_h=yes
ac_cv_header_alsa_rawmidi_h=yes
ac_cv_header_alsa_seq_h=yes
ac_cv_header_alsa_topology_h=yes
ac_cv_header_alsa_use_case_h=yes
ac_cv_header_samplerate_h=no
ac_cv_header_stdc=yes
ac_cv_header_time=yes
ac_cv_host=arm-unknown-linux-gnu
ac_cv_lib_asound_snd_ctl_open=yes
ac_cv_lib_asound_snd_seq_client_info_get_card=yes
ac_cv_lib_asound_snd_seq_client_info_get_pid=yes
ac_cv_lib_fftw3f_fftwf_malloc=no
ac_cv_lib_m_sqrtf=yes
ac_cv_lib_pthread_pthread_create=yes
ac_cv_lib_rt_clock_gettime=yes
ac_cv_objext=o
ac_cv_path_EGREP='/bin/grep -E'
ac_cv_path_GMSGFMT=/usr/bin/msgfmt
ac_cv_path_GREP=/bin/grep
ac_cv_path_MSGFMT=/usr/bin/msgfmt
ac_cv_path_MSGMERGE=/usr/bin/msgmerge
ac_cv_path_SED=/bin/sed
ac_cv_path_XGETTEXT=/usr/bin/xgettext
ac_cv_path_ac_pt_PKG_CONFIG=/usr/bin/pkg-config
ac_cv_path_install='/usr/bin/install -c'
ac_cv_path_mkdir=/bin/mkdir
ac_cv_prog_AWK=mawk
ac_cv_prog_CC=arm-linux-gcc
ac_cv_prog_CPP='arm-linux-gcc -E'
ac_cv_prog_STRIP=arm-linux-strip
ac_cv_prog_cc_c89=
ac_cv_prog_cc_g=yes
ac_cv_prog_gcc_traditional=no
ac_cv_prog_make_make_set=yes
ac_cv_sys_file_offset_bits=64
ac_cv_sys_largefile_CC=no
acl_cv_hardcode_direct=no
acl_cv_hardcode_libdir_flag_spec='${wl}-rpath ${wl}$libdir'
acl_cv_hardcode_libdir_separator=
acl_cv_hardcode_minus_L=no
acl_cv_libext=a
acl_cv_libname_spec='lib$name'
acl_cv_library_names_spec='$libname$shrext'
acl_cv_path_LD=arm-linux-ld
acl_cv_prog_gnu_ld=yes
acl_cv_rpath=done
acl_cv_shlibext=so
acl_cv_wl=-Wl,
am_cv_CC_dependencies_compiler_type=gcc3
gt_cv_func_CFLocaleCopyCurrent=no
gt_cv_func_CFPreferencesCopyAppValue=no
gt_cv_func_gnugettext1_libc=yes
pkg_cv_SYSTEMD_CFLAGS=
pkg_cv_SYSTEMD_LIBS=

## ----------------- ##
## Output variables. ##
## ----------------- ##

ACLOCAL='${SHELL} /home/shuimu/more/6410_LinuxDriver/20_Sound/alsa-utils-1.1.5/missing --run aclocal-1.12'
ALSACONF_FALSE='#'
ALSACONF_TRUE=''
ALSACTL_DAEMONSWITCH='/etc/alsa/state-daemon.conf'
ALSACTL_PIDFILE_DIR='/var/run'
ALSALOOP_FALSE='#'
ALSALOOP_TRUE=''
ALSAMIXER_FALSE=''
ALSAMIXER_TRUE='#'
ALSA_CFLAGS=' -I/usr/local/share/arm-alsa/include'
ALSA_LIBS=' -L/usr/local/share/arm-alsa/lib -lasound -lm -ldl -lpthread'
AMDEPBACKSLASH='\'
AMDEP_FALSE='#'
AMDEP_TRUE=''
AMTAR='$${TAR-tar}'
ASOUND_LOCK_DIR='/var/lock'
ASOUND_STATE_DIR='/var/lib/alsa'
AUTOCONF='${SHELL} /home/shuimu/more/6410_LinuxDriver/20_Sound/alsa-utils-1.1.5/missing --run autoconf'
AUTOHEADER='${SHELL} /home/shuimu/more/6410_LinuxDriver/20_Sound/alsa-utils-1.1.5/missing --run autoheader'
AUTOMAKE='${SHELL} /home/shuimu/more/6410_LinuxDriver/20_Sound/alsa-utils-1.1.5/missing --run automake-1.12'
AWK='mawk'
BAT_FALSE='#'
BAT_TRUE=''
CC='arm-linux-gcc'
CCDEPMODE='depmode=gcc3'
CFLAGS='-I/usr/local/share/arm-alsa/include -I/usr/local/share/arm-alsa/include'
CPP='arm-linux-gcc -E'
CPPFLAGS=''
CURSESINC=''
CURSESLIB=''
CURSES_CFLAGS=''
CYGPATH_W='echo'
DEFS='-DHAVE_CONFIG_H'
DEPDIR='.deps'
ECHO_C=''
ECHO_N='-n'
ECHO_T=''
EGREP='/bin/grep -E'
EXEEXT=''
FFTW_CFLAGS='-I/usr/local/share/arm-alsa/include -I/usr/local/share/arm-alsa/include'
FFTW_INC=''
FFTW_LIB='-lpthread -lm -lasound -L/usr/local/share/arm-alsa/lib -lm -ldl -lpthread'
GETTEXT_MACRO_VERSION='0.18'
GMSGFMT='/usr/bin/msgfmt'
GMSGFMT_015='/usr/bin/msgfmt'
GREP='/bin/grep'
HAVE_LIBFFTW3_FALSE=''
HAVE_LIBFFTW3_TRUE='#'
HAVE_LIBTINYALSA_FALSE=''
HAVE_LIBTINYALSA_TRUE='#'
HAVE_MIXER_FALSE='#'
HAVE_MIXER_TRUE=''
HAVE_PCM_FALSE='#'
HAVE_PCM_TRUE=''
HAVE_RAWMIDI_FALSE='#'
HAVE_RAWMIDI_TRUE=''
HAVE_SAMPLERATE_FALSE=''
HAVE_SAMPLERATE_TRUE='#'
HAVE_SEQ_FALSE='#'
HAVE_SEQ_TRUE=''
HAVE_SYSTEMD_FALSE='#'
HAVE_SYSTEMD_TRUE=''
HAVE_TOPOLOGY_FALSE='#'
HAVE_TOPOLOGY_TRUE=''
HAVE_UCM_FALSE='#'
HAVE_UCM_TRUE=''
INSTALL_DATA='${INSTALL} -m 644'
INSTALL_PROGRAM='${INSTALL}'
INSTALL_SCRIPT='${INSTALL}'
INSTALL_STRIP_PROGRAM='$(install_sh) -c -s'
INTLLIBS=''
INTL_MACOSX_LIBS=''
LDFLAGS='-L/usr/local/share/arm-alsa/lib-lasound  -L/usr/local/share/arm-alsa/lib'
LIBICONV='-liconv'
LIBINTL=''
LIBOBJS=''
LIBRT='-lrt'
LIBS='-lasound -L/usr/local/share/arm-alsa/lib -lm -ldl -lpthread'
LN_S='ln -s'
LTLIBICONV='-liconv'
LTLIBINTL=''
LTLIBOBJS=''
MAINT=''
MAINTAINER_MODE_FALSE='#'
MAINTAINER_MODE_TRUE=''
MAKEINFO='${SHELL} /home/shuimu/more/6410_LinuxDriver/20_Sound/alsa-utils-1.1.5/missing --run makeinfo'
MKDIR_P='/bin/mkdir -p'
MSGFMT='/usr/bin/msgfmt'
MSGFMT_015='/usr/bin/msgfmt'
MSGMERGE='/usr/bin/msgmerge'
NCURSESW_CFLAGS=''
NCURSESW_LIBS=''
NCURSES_CFLAGS=''
NCURSES_LIBS=''
OBJEXT='o'
PACKAGE='alsa-utils'
PACKAGE_BUGREPORT=''
PACKAGE_NAME='alsa-utils'
PACKAGE_STRING='alsa-utils 1.1.5'
PACKAGE_TARNAME='alsa-utils'
PACKAGE_URL=''
PACKAGE_VERSION='1.1.5'
PATH_SEPARATOR=':'
PKG_CONFIG='/usr/bin/pkg-config'
PKG_CONFIG_LIBDIR=''
PKG_CONFIG_PATH=''
POSUB='po'
SED='/bin/sed'
SET_MAKE=''
SHELL='/bin/bash'
SND_UTIL_MAJOR='1'
SND_UTIL_MINOR='1'
SND_UTIL_SUBMINOR='5'
SND_UTIL_VERSION='1.1.5'
STRIP='arm-linux-strip'
SYSTEMD_CFLAGS=''
SYSTEMD_LIBS=''
TESTSOUND='/usr/local/share/arm-alsa/share/test.wav'
USE_NLS='yes'
USE_RST2MAN_FALSE=''
USE_RST2MAN_TRUE='#'
USE_XMLTO_FALSE=''
USE_XMLTO_TRUE='#'
VERSION='1.1.5'
XGETTEXT='/usr/bin/xgettext'
XGETTEXT_015='/usr/bin/xgettext'
XGETTEXT_EXTRA_OPTIONS=''
ac_ct_CC=''
am__EXEEXT_FALSE=''
am__EXEEXT_TRUE='#'
am__fastdepCC_FALSE='#'
am__fastdepCC_TRUE=''
am__include='include'
am__isrc=''
am__leading_dot='.'
am__nodep='_no'
am__quote=''
am__tar='$${TAR-tar} chof - "$$tardir"'
am__untar='$${TAR-tar} xf -'
bindir='${exec_prefix}/bin'
build='x86_64-unknown-linux-gnu'
build_alias=''
build_cpu='x86_64'
build_os='linux-gnu'
build_vendor='unknown'
datadir='${datarootdir}'
datarootdir='${prefix}/share'
docdir='${datarootdir}/doc/${PACKAGE_TARNAME}'
dvidir='${docdir}'
exec_prefix='${prefix}'
host='arm-unknown-linux-gnu'
host_alias='arm-linux'
host_cpu='arm'
host_os='linux-gnu'
host_vendor='unknown'
htmldir='${docdir}'
includedir='${prefix}/include'
infodir='${datarootdir}/info'
install_sh='${SHELL} /home/shuimu/more/6410_LinuxDriver/20_Sound/alsa-utils-1.1.5/install-sh'
libdir='${exec_prefix}/lib'
libexecdir='${exec_prefix}/libexec'
localedir='${datarootdir}/locale'
localstatedir='${prefix}/var'
mandir='${datarootdir}/man'
mkdir_p='/bin/mkdir -p'
mydatadir='/usr/local/share/arm-alsa/share/alsa'
ncurses5_config=''
ncursesw5_config=''
oldincludedir='/usr/include'
pdfdir='${docdir}'
prefix='/usr/local/share/arm-alsa'
program_transform_name='s,x,x,'
psdir='${docdir}'
rst2man_available=''
sbindir='${exec_prefix}/sbin'
sharedstatedir='${prefix}/com'
sysconfdir='${prefix}/etc'
systemdsystemunitdir='/lib/systemd/system'
target_alias=''
udevrulesdir='/lib/udev/rules.d'
xmlto_available=''

## ----------- ##
## confdefs.h. ##
## ----------- ##

/* confdefs.h */
#define PACKAGE_NAME "alsa-utils"
#define PACKAGE_TARNAME "alsa-utils"
#define PACKAGE_VERSION "1.1.5"
#define PACKAGE_STRING "alsa-utils 1.1.5"
#define PACKAGE_BUGREPORT ""
#define PACKAGE_URL ""
#define PACKAGE "alsa-utils"
#define VERSION "1.1.5"
#define ENABLE_NLS 1
#define HAVE_GETTEXT 1
#define HAVE_DCGETTEXT 1
#define HAVE_LIBASOUND 1
#define HAVE_ALSA_PCM_H 1
#define HAVE_ALSA_MIXER_H 1
#define HAVE_ALSA_RAWMIDI_H 1
#define HAVE_ALSA_SEQ_H 1
#define HAVE_ALSA_USE_CASE_H 1
#define HAVE_ALSA_TOPOLOGY_H 1
#define HAVE_SEQ_CLIENT_INFO_GET_CARD 1
#define HAVE_SEQ_CLIENT_INFO_GET_PID 1
#define HAVE_LIBM 1
#define HAVE_LIBPTHREAD 1
#define HAVE_LIBRT 1
#define HAVE_CLOCK_GETTIME 1
#define STDC_HEADERS 1
#define SOUNDSDIR "/usr/local/share/arm-alsa/share/sounds/alsa"
#define DATADIR "/usr/local/share/arm-alsa/share/alsa"
#define TIME_WITH_SYS_TIME 1
#define _FILE_OFFSET_BITS 64
#define VERSION "1.1.5"

configure: exit 0
